#
# There is insufficient memory for the Java Runtime Environment to continue.
# Native memory allocation (mmap) failed to map 40894464 bytes for committing reserved memory.
# Possible reasons:
#   The system is out of physical RAM or swap space
#   In 32 bit mode, the process size limit was hit
# Possible solutions:
#   Reduce memory load on the system
#   Increase physical memory or swap space
#   Check if swap backing store is full
#   Use 64 bit Java on a 64 bit OS
#   Decrease Java heap size (-Xmx/-Xms)
#   Decrease number of Java threads
#   Decrease Java thread stack sizes (-Xss)
#   Set larger code cache with -XX:ReservedCodeCacheSize=
# This output file may be truncated or incomplete.
#
#  Out of Memory Error (os_linux.cpp:2643), pid=5170, tid=0x00007f6aaa646700
#
# JRE version: OpenJDK Runtime Environment (8.0_131-b11) (build 1.8.0_131-8u131-b11-2ubuntu1.17.04.3-b11)
# Java VM: OpenJDK 64-Bit Server VM (25.131-b11 mixed mode linux-amd64 compressed oops)
# Failed to write core dump. Core dumps have been disabled. To enable core dumping, try "ulimit -c unlimited" before starting Java again
#

---------------  T H R E A D  ---------------

Current thread (0x00007f6abc073800):  VMThread [stack: 0x00007f6aaa546000,0x00007f6aaa647000] [id=5198]

Stack: [0x00007f6aaa546000,0x00007f6aaa647000],  sp=0x00007f6aaa6454d0,  free space=1021k
Native frames: (J=compiled Java code, j=interpreted, Vv=VM code, C=native code)
V  [libjvm.so+0xa6fa00]  VMError::report_and_die()+0x160
V  [libjvm.so+0x4c7bdc]  report_vm_out_of_memory(char const*, int, unsigned long, VMErrorType, char const*)+0xac
V  [libjvm.so+0x8be7a0]  os::pd_commit_memory(char*, unsigned long, unsigned long, bool)+0xf0
V  [libjvm.so+0x8b8e2e]  os::commit_memory(char*, unsigned long, unsigned long, bool)+0x2e
V  [libjvm.so+0x93395e]  PSVirtualSpace::expand_by(unsigned long)+0x4e
V  [libjvm.so+0x934ce3]  PSYoungGen::resize(unsigned long, unsigned long)+0x103
V  [libjvm.so+0x931333]  PSScavenge::invoke_no_policy()+0x1503
V  [libjvm.so+0x9315dc]  PSScavenge::invoke()+0x4c
V  [libjvm.so+0x8e2f53]  ParallelScavengeHeap::failed_mem_allocate(unsigned long)+0x63
V  [libjvm.so+0xa71672]  VM_ParallelGCFailedAllocation::doit()+0x92
V  [libjvm.so+0xa767e7]  VM_Operation::evaluate()+0x47
V  [libjvm.so+0xa73f77]  VMThread::evaluate_operation(VM_Operation*) [clone .constprop.30]+0xe7
V  [libjvm.so+0xa753f6]  VMThread::loop()+0x246
V  [libjvm.so+0xa758f1]  VMThread::run()+0x81
V  [libjvm.so+0x8bbd32]  java_start(Thread*)+0xf2

VM_Operation (0x00007f6ac41c8150): ParallelGCFailedAllocation, mode: safepoint, requested by thread 0x00007f6abc00a000


---------------  P R O C E S S  ---------------

Java Threads: ( => current thread )
  0x00007f6abc0b0000 JavaThread "Service Thread" daemon [_thread_blocked, id=5205, stack(0x00007f6aa9c64000,0x00007f6aa9d65000)]
  0x00007f6abc0ad000 JavaThread "C1 CompilerThread1" daemon [_thread_blocked, id=5204, stack(0x00007f6aa9d65000,0x00007f6aa9e66000)]
  0x00007f6abc0aa800 JavaThread "C2 CompilerThread0" daemon [_thread_blocked, id=5203, stack(0x00007f6aa9e66000,0x00007f6aa9f67000)]
  0x00007f6abc0a8000 JavaThread "Signal Dispatcher" daemon [_thread_blocked, id=5202, stack(0x00007f6aa9f67000,0x00007f6aaa068000)]
  0x00007f6abc07f800 JavaThread "Finalizer" daemon [_thread_blocked, id=5200, stack(0x00007f6aaa344000,0x00007f6aaa445000)]
  0x00007f6abc07b000 JavaThread "Reference Handler" daemon [_thread_blocked, id=5199, stack(0x00007f6aaa445000,0x00007f6aaa546000)]
  0x00007f6abc00a000 JavaThread "main" [_thread_blocked, id=5195, stack(0x00007f6ac40ca000,0x00007f6ac41cb000)]

Other Threads:
=>0x00007f6abc073800 VMThread [stack: 0x00007f6aaa546000,0x00007f6aaa647000] [id=5198]
  0x00007f6abc0b7000 WatcherThread [stack: 0x00007f6aa9b63000,0x00007f6aa9c64000] [id=5206]

VM state:at safepoint (normal execution)

VM Mutex/Monitor currently owned by a thread:  ([mutex/lock_event])
[0x00007f6abc006460] Threads_lock - owner thread: 0x00007f6abc073800
[0x00007f6abc006960] Heap_lock - owner thread: 0x00007f6abc00a000

Heap:
 PSYoungGen      total 171520K, used 19938K [0x00000000f0580000, 0x00000000fd500000, 0x0000000100000000)
  eden space 151552K, 0% used [0x00000000f0580000,0x00000000f0580000,0x00000000f9980000)
  from space 19968K, 99% used [0x00000000fc180000,0x00000000fd4f8a70,0x00000000fd500000)
  to   space 10752K, 0% used [0x00000000f9980000,0x00000000f9980000,0x00000000fa400000)
 ParOldGen       total 73728K, used 49251K [0x00000000d1000000, 0x00000000d5800000, 0x00000000f0580000)
  object space 73728K, 66% used [0x00000000d1000000,0x00000000d4018d88,0x00000000d5800000)
 Metaspace       used 27055K, capacity 27970K, committed 28288K, reserved 1075200K
  class space    used 3163K, capacity 3354K, committed 3456K, reserved 1048576K

Card table byte_map: [0x00007f6ac05f4000,0x00007f6ac076d000] byte_map_base: 0x00007f6abff6c000

Marking Bits: (ParMarkBitMap*) 0x00007f6ac338f2c0
 Begin Bits: [0x00007f6aab880000, 0x00007f6aac440000)
 End Bits:   [0x00007f6aac440000, 0x00007f6aad000000)

Polling page: 0x00007f6ac41e1000

CodeCache: size=245760Kb used=12115Kb max_used=12131Kb free=233644Kb
 bounds [0x00007f6aad000000, 0x00007f6aadbf0000, 0x00007f6abc000000]
 total_blobs=4715 nmethods=4307 adapters=322
 compilation: enabled

Compilation events (10 events):
Event: 17,643 Thread 0x00007f6abc0aa800 4642       4       org.apache.maven.plugins.shade.DefaultShader$RelocatorRemapper::map (146 bytes)
Event: 17,656 Thread 0x00007f6abc0aa800 nmethod 4642 0x00007f6aadbd0590 code [0x00007f6aadbd0720, 0x00007f6aadbd0d58]
Event: 17,656 Thread 0x00007f6abc0aa800 4641       4       com.google.common.collect.HashMultimap::put (7 bytes)
Event: 17,684 Thread 0x00007f6abc0aa800 nmethod 4641 0x00007f6aadbd8410 code [0x00007f6aadbd8680, 0x00007f6aadbd94d0]
Event: 17,700 Thread 0x00007f6abc0aa800 4643       4       java.util.AbstractMap::<init> (5 bytes)
Event: 17,700 Thread 0x00007f6abc0aa800 nmethod 4643 0x00007f6aad233650 code [0x00007f6aad2337a0, 0x00007f6aad2337f8]
Event: 17,715 Thread 0x00007f6abc0aa800 4644       4       java.util.regex.Pattern$Branch::match (66 bytes)
Event: 17,751 Thread 0x00007f6abc0aa800 nmethod 4644 0x00007f6aadbe8290 code [0x00007f6aadbe8500, 0x00007f6aadbe9790]
Event: 17,822 Thread 0x00007f6abc0aa800 4645       4       java.lang.Float::isNaN (12 bytes)
Event: 17,822 Thread 0x00007f6abc0aa800 nmethod 4645 0x00007f6aad306190 code [0x00007f6aad3062e0, 0x00007f6aad306358]

GC Heap History (10 events):
Event: 6,807 GC heap after
Heap after GC invocations=9 (full 0):
 PSYoungGen      total 105472K, used 6289K [0x00000000f0580000, 0x00000000fae80000, 0x0000000100000000)
  eden space 97280K, 0% used [0x00000000f0580000,0x00000000f0580000,0x00000000f6480000)
  from space 8192K, 76% used [0x00000000f6480000,0x00000000f6aa47e0,0x00000000f6c80000)
  to   space 8704K, 0% used [0x00000000fa600000,0x00000000fa600000,0x00000000fae80000)
 ParOldGen       total 32768K, used 11671K [0x00000000d1000000, 0x00000000d3000000, 0x00000000f0580000)
  object space 32768K, 35% used [0x00000000d1000000,0x00000000d1b65f10,0x00000000d3000000)
 Metaspace       used 20580K, capacity 21114K, committed 21296K, reserved 1069056K
  class space    used 2458K, capacity 2599K, committed 2688K, reserved 1048576K
}
Event: 6,807 GC heap before
{Heap before GC invocations=10 (full 1):
 PSYoungGen      total 105472K, used 6289K [0x00000000f0580000, 0x00000000fae80000, 0x0000000100000000)
  eden space 97280K, 0% used [0x00000000f0580000,0x00000000f0580000,0x00000000f6480000)
  from space 8192K, 76% used [0x00000000f6480000,0x00000000f6aa47e0,0x00000000f6c80000)
  to   space 8704K, 0% used [0x00000000fa600000,0x00000000fa600000,0x00000000fae80000)
 ParOldGen       total 32768K, used 11671K [0x00000000d1000000, 0x00000000d3000000, 0x00000000f0580000)
  object space 32768K, 35% used [0x00000000d1000000,0x00000000d1b65f10,0x00000000d3000000)
 Metaspace       used 20580K, capacity 21114K, committed 21296K, reserved 1069056K
  class space    used 2458K, capacity 2599K, committed 2688K, reserved 1048576K
Event: 6,927 GC heap after
Heap after GC invocations=10 (full 1):
 PSYoungGen      total 105472K, used 0K [0x00000000f0580000, 0x00000000fae80000, 0x0000000100000000)
  eden space 97280K, 0% used [0x00000000f0580000,0x00000000f0580000,0x00000000f6480000)
  from space 8192K, 0% used [0x00000000f6480000,0x00000000f6480000,0x00000000f6c80000)
  to   space 8704K, 0% used [0x00000000fa600000,0x00000000fa600000,0x00000000fae80000)
 ParOldGen       total 33792K, used 12475K [0x00000000d1000000, 0x00000000d3100000, 0x00000000f0580000)
  object space 33792K, 36% used [0x00000000d1000000,0x00000000d1c2eef8,0x00000000d3100000)
 Metaspace       used 20580K, capacity 21114K, committed 21296K, reserved 1069056K
  class space    used 2458K, capacity 2599K, committed 2688K, reserved 1048576K
}
Event: 9,430 GC heap before
{Heap before GC invocations=11 (full 1):
 PSYoungGen      total 105472K, used 97280K [0x00000000f0580000, 0x00000000fae80000, 0x0000000100000000)
  eden space 97280K, 100% used [0x00000000f0580000,0x00000000f6480000,0x00000000f6480000)
  from space 8192K, 0% used [0x00000000f6480000,0x00000000f6480000,0x00000000f6c80000)
  to   space 8704K, 0% used [0x00000000fa600000,0x00000000fa600000,0x00000000fae80000)
 ParOldGen       total 33792K, used 12475K [0x00000000d1000000, 0x00000000d3100000, 0x00000000f0580000)
  object space 33792K, 36% used [0x00000000d1000000,0x00000000d1c2eef8,0x00000000d3100000)
 Metaspace       used 24534K, capacity 25260K, committed 25344K, reserved 1071104K
  class space    used 2876K, capacity 3040K, committed 3072K, reserved 1048576K
Event: 9,491 GC heap after
Heap after GC invocations=11 (full 1):
 PSYoungGen      total 139264K, used 8695K [0x00000000f0580000, 0x00000000fae80000, 0x0000000100000000)
  eden space 130560K, 0% used [0x00000000f0580000,0x00000000f0580000,0x00000000f8500000)
  from space 8704K, 99% used [0x00000000fa600000,0x00000000fae7dda8,0x00000000fae80000)
  to   space 10752K, 0% used [0x00000000f9980000,0x00000000f9980000,0x00000000fa400000)
 ParOldGen       total 33792K, used 15348K [0x00000000d1000000, 0x00000000d3100000, 0x00000000f0580000)
  object space 33792K, 45% used [0x00000000d1000000,0x00000000d1efd278,0x00000000d3100000)
 Metaspace       used 24534K, capacity 25260K, committed 25344K, reserved 1071104K
  class space    used 2876K, capacity 3040K, committed 3072K, reserved 1048576K
}
Event: 16,165 GC heap before
{Heap before GC invocations=12 (full 1):
 PSYoungGen      total 139264K, used 139255K [0x00000000f0580000, 0x00000000fae80000, 0x0000000100000000)
  eden space 130560K, 100% used [0x00000000f0580000,0x00000000f8500000,0x00000000f8500000)
  from space 8704K, 99% used [0x00000000fa600000,0x00000000fae7dda8,0x00000000fae80000)
  to   space 10752K, 0% used [0x00000000f9980000,0x00000000f9980000,0x00000000fa400000)
 ParOldGen       total 33792K, used 15348K [0x00000000d1000000, 0x00000000d3100000, 0x00000000f0580000)
  object space 33792K, 45% used [0x00000000d1000000,0x00000000d1efd278,0x00000000d3100000)
 Metaspace       used 27055K, capacity 27970K, committed 28288K, reserved 1075200K
  class space    used 3163K, capacity 3354K, committed 3456K, reserved 1048576K
Event: 16,241 GC heap after
Heap after GC invocations=12 (full 1):
 PSYoungGen      total 162304K, used 10744K [0x00000000f0580000, 0x00000000fd500000, 0x0000000100000000)
  eden space 151552K, 0% used [0x00000000f0580000,0x00000000f0580000,0x00000000f9980000)
  from space 10752K, 99% used [0x00000000f9980000,0x00000000fa3fe268,0x00000000fa400000)
  to   space 19968K, 0% used [0x00000000fc180000,0x00000000fc180000,0x00000000fd500000)
 ParOldGen       total 35840K, used 35526K [0x00000000d1000000, 0x00000000d3300000, 0x00000000f0580000)
  object space 35840K, 99% used [0x00000000d1000000,0x00000000d32b1bf0,0x00000000d3300000)
 Metaspace       used 27055K, capacity 27970K, committed 28288K, reserved 1075200K
  class space    used 3163K, capacity 3354K, committed 3456K, reserved 1048576K
}
Event: 16,241 GC heap before
{Heap before GC invocations=13 (full 2):
 PSYoungGen      total 162304K, used 10744K [0x00000000f0580000, 0x00000000fd500000, 0x0000000100000000)
  eden space 151552K, 0% used [0x00000000f0580000,0x00000000f0580000,0x00000000f9980000)
  from space 10752K, 99% used [0x00000000f9980000,0x00000000fa3fe268,0x00000000fa400000)
  to   space 19968K, 0% used [0x00000000fc180000,0x00000000fc180000,0x00000000fd500000)
 ParOldGen       total 35840K, used 35526K [0x00000000d1000000, 0x00000000d3300000, 0x00000000f0580000)
  object space 35840K, 99% used [0x00000000d1000000,0x00000000d32b1bf0,0x00000000d3300000)
 Metaspace       used 27055K, capacity 27970K, committed 28288K, reserved 1075200K
  class space    used 3163K, capacity 3354K, committed 3456K, reserved 1048576K
Event: 16,502 GC heap after
Heap after GC invocations=13 (full 2):
 PSYoungGen      total 162304K, used 2876K [0x00000000f0580000, 0x00000000fd500000, 0x0000000100000000)
  eden space 151552K, 0% used [0x00000000f0580000,0x00000000f0580000,0x00000000f9980000)
  from space 10752K, 26% used [0x00000000f9980000,0x00000000f9c4f2d8,0x00000000fa400000)
  to   space 19968K, 0% used [0x00000000fc180000,0x00000000fc180000,0x00000000fd500000)
 ParOldGen       total 73728K, used 35366K [0x00000000d1000000, 0x00000000d5800000, 0x00000000f0580000)
  object space 73728K, 47% used [0x00000000d1000000,0x00000000d3289b08,0x00000000d5800000)
 Metaspace       used 27055K, capacity 27970K, committed 28288K, reserved 1075200K
  class space    used 3163K, capacity 3354K, committed 3456K, reserved 1048576K
}
Event: 18,571 GC heap before
{Heap before GC invocations=14 (full 2):
 PSYoungGen      total 162304K, used 154428K [0x00000000f0580000, 0x00000000fd500000, 0x0000000100000000)
  eden space 151552K, 100% used [0x00000000f0580000,0x00000000f9980000,0x00000000f9980000)
  from space 10752K, 26% used [0x00000000f9980000,0x00000000f9c4f2d8,0x00000000fa400000)
  to   space 19968K, 0% used [0x00000000fc180000,0x00000000fc180000,0x00000000fd500000)
 ParOldGen       total 73728K, used 35366K [0x00000000d1000000, 0x00000000d5800000, 0x00000000f0580000)
  object space 73728K, 47% used [0x00000000d1000000,0x00000000d3289b08,0x00000000d5800000)
 Metaspace       used 27055K, capacity 27970K, committed 28288K, reserved 1075200K
  class space    used 3163K, capacity 3354K, committed 3456K, reserved 1048576K

Deoptimization events (10 events):
Event: 10,535 Thread 0x00007f6abc00a000 Uncommon trap: reason=class_check action=maybe_recompile pc=0x00007f6aad7b002c method=java.util.Hashtable.put(Ljava/lang/Object;Ljava/lang/Object;)Ljava/lang/Object; @ 18
Event: 10,536 Thread 0x00007f6abc00a000 Uncommon trap: reason=class_check action=maybe_recompile pc=0x00007f6aad7b002c method=java.util.Hashtable.put(Ljava/lang/Object;Ljava/lang/Object;)Ljava/lang/Object; @ 18
Event: 10,541 Thread 0x00007f6abc00a000 Uncommon trap: reason=class_check action=maybe_recompile pc=0x00007f6aad7b64c0 method=java.util.Hashtable.addEntry(ILjava/lang/Object;Ljava/lang/Object;I)V @ 38
Event: 10,549 Thread 0x00007f6abc00a000 Uncommon trap: reason=class_check action=maybe_recompile pc=0x00007f6aad7b64c0 method=java.util.Hashtable.addEntry(ILjava/lang/Object;Ljava/lang/Object;I)V @ 38
Event: 10,579 Thread 0x00007f6abc00a000 Uncommon trap: reason=class_check action=maybe_recompile pc=0x00007f6aad7b64c0 method=java.util.Hashtable.addEntry(ILjava/lang/Object;Ljava/lang/Object;I)V @ 38
Event: 12,695 Thread 0x00007f6abc00a000 Uncommon trap: reason=unstable_if action=reinterpret pc=0x00007f6aad2a9ab4 method=java.lang.StringCoding$StringEncoder.encode([CII)[B @ 20
Event: 12,695 Thread 0x00007f6abc00a000 Uncommon trap: reason=class_check action=maybe_recompile pc=0x00007f6aad7d509c method=java.util.Hashtable.get(Ljava/lang/Object;)Ljava/lang/Object; @ 6
Event: 12,695 Thread 0x00007f6abc00a000 Uncommon trap: reason=class_check action=maybe_recompile pc=0x00007f6aad7d509c method=java.util.Hashtable.get(Ljava/lang/Object;)Ljava/lang/Object; @ 6
Event: 12,695 Thread 0x00007f6abc00a000 Uncommon trap: reason=class_check action=maybe_recompile pc=0x00007f6aad7d509c method=java.util.Hashtable.get(Ljava/lang/Object;)Ljava/lang/Object; @ 6
Event: 12,695 Thread 0x00007f6abc00a000 Uncommon trap: reason=class_check action=maybe_recompile pc=0x00007f6aad7d509c method=java.util.Hashtable.get(Ljava/lang/Object;)Ljava/lang/Object; @ 6

Internal exceptions (10 events):
Event: 7,385 Thread 0x00007f6abc00a000 Exception <a 'java/io/FileNotFoundException'> (0x00000000f2c0bc68) thrown at [/build/openjdk-8-ugc2Ph/openjdk-8-8u131-b11/src/hotspot/src/share/vm/prims/jni.cpp, line 709]
Event: 7,430 Thread 0x00007f6abc00a000 Exception <a 'java/io/FileNotFoundException'> (0x00000000f30e4e80) thrown at [/build/openjdk-8-ugc2Ph/openjdk-8-8u131-b11/src/hotspot/src/share/vm/prims/jni.cpp, line 709]
Event: 13,001 Thread 0x00007f6abc00a000 Exception <a 'java/lang/NoClassDefFoundError': org/sonatype/aether/resolution/ArtifactResolutionException> (0x00000000f270b198) thrown at [/build/openjdk-8-ugc2Ph/openjdk-8-8u131-b11/src/hotspot/src/share/vm/classfile/systemDictionary.cpp, line 199]
Event: 13,006 Thread 0x00007f6abc00a000 Exception <a 'java/lang/NoClassDefFoundError': org/sonatype/aether/graph/Dependency> (0x00000000f2743628) thrown at [/build/openjdk-8-ugc2Ph/openjdk-8-8u131-b11/src/hotspot/src/share/vm/classfile/systemDictionary.cpp, line 199]
Event: 13,018 Thread 0x00007f6abc00a000 Exception <a 'java/lang/NoClassDefFoundError': org/sonatype/aether/metadata/Metadata> (0x00000000f27c1e08) thrown at [/build/openjdk-8-ugc2Ph/openjdk-8-8u131-b11/src/hotspot/src/share/vm/classfile/systemDictionary.cpp, line 199]
Event: 13,019 Thread 0x00007f6abc00a000 Exception <a 'java/lang/NoClassDefFoundError': org/sonatype/aether/installation/InstallationException> (0x00000000f27d1df8) thrown at [/build/openjdk-8-ugc2Ph/openjdk-8-8u131-b11/src/hotspot/src/share/vm/classfile/systemDictionary.cpp, line 199]
Event: 13,036 Thread 0x00007f6abc00a000 Exception <a 'java/lang/NoClassDefFoundError': org/sonatype/aether/deployment/DeploymentException> (0x00000000f289c3c8) thrown at [/build/openjdk-8-ugc2Ph/openjdk-8-8u131-b11/src/hotspot/src/share/vm/classfile/systemDictionary.cpp, line 199]
Event: 13,037 Thread 0x00007f6abc00a000 Exception <a 'java/lang/NoClassDefFoundError': org/sonatype/aether/collection/DependencyCollectionException> (0x00000000f28af8c0) thrown at [/build/openjdk-8-ugc2Ph/openjdk-8-8u131-b11/src/hotspot/src/share/vm/classfile/systemDictionary.cpp, line 199]
Event: 13,039 Thread 0x00007f6abc00a000 Exception <a 'java/lang/NoClassDefFoundError': org/sonatype/aether/resolution/ArtifactDescriptorException> (0x00000000f28cd7b8) thrown at [/build/openjdk-8-ugc2Ph/openjdk-8-8u131-b11/src/hotspot/src/share/vm/classfile/systemDictionary.cpp, line 199]
Event: 13,061 Thread 0x00007f6abc00a000 Exception <a 'java/lang/NoClassDefFoundError': org/sonatype/aether/metadata/Metadata> (0x00000000f297d9c8) thrown at [/build/openjdk-8-ugc2Ph/openjdk-8-8u131-b11/src/hotspot/src/share/vm/classfile/systemDictionary.cpp, line 199]

Events (10 events):
Event: 13,217 loading class com/google/common/collect/ImmutableEnumSet done
Event: 13,217 loading class com/google/common/collect/ImmutableEnumSet
Event: 13,217 loading class com/google/common/collect/ImmutableEnumSet done
Event: 13,217 loading class com/google/common/collect/Sets$4
Event: 13,217 loading class com/google/common/collect/Sets$4 done
Event: 13,217 loading class com/google/common/collect/Sets$4
Event: 13,217 loading class com/google/common/collect/Sets$4 done
Event: 16,165 Executing VM operation: ParallelGCFailedAllocation
Event: 16,502 Executing VM operation: ParallelGCFailedAllocation done
Event: 18,571 Executing VM operation: ParallelGCFailedAllocation


Dynamic libraries:
d1000000-d5800000 rw-p 00000000 00:00 0 
d5800000-f0580000 ---p 00000000 00:00 0 
f0580000-fd500000 rw-p 00000000 00:00 0 
ffc00000-100000000 ---p 00000000 00:00 0 
100000000-100360000 rw-p 00000000 00:00 0 
100360000-140000000 ---p 00000000 00:00 0 
55676d64b000-55676d64c000 r-xp 00000000 08:01 662676                     /usr/lib/jvm/java-8-openjdk-amd64/jre/bin/java
55676d84b000-55676d84c000 r--p 00000000 08:01 662676                     /usr/lib/jvm/java-8-openjdk-amd64/jre/bin/java
55676d84c000-55676d84d000 rw-p 00001000 08:01 662676                     /usr/lib/jvm/java-8-openjdk-amd64/jre/bin/java
55676ed80000-55676eda1000 rw-p 00000000 00:00 0                          [heap]
7f6a7c000000-7f6a7c021000 rw-p 00000000 00:00 0 
7f6a7c021000-7f6a80000000 ---p 00000000 00:00 0 
7f6a80fff000-7f6a84000000 rw-p 00000000 00:00 0 
7f6a84000000-7f6a851f6000 rw-p 00000000 00:00 0 
7f6a851f6000-7f6a88000000 ---p 00000000 00:00 0 
7f6a88000000-7f6a88021000 rw-p 00000000 00:00 0 
7f6a88021000-7f6a8c000000 ---p 00000000 00:00 0 
7f6a8c000000-7f6a8c021000 rw-p 00000000 00:00 0 
7f6a8c021000-7f6a90000000 ---p 00000000 00:00 0 
7f6a90000000-7f6a915b2000 rw-p 00000000 00:00 0 
7f6a915b2000-7f6a94000000 ---p 00000000 00:00 0 
7f6a94000000-7f6a94021000 rw-p 00000000 00:00 0 
7f6a94021000-7f6a98000000 ---p 00000000 00:00 0 
7f6a98000000-7f6a98021000 rw-p 00000000 00:00 0 
7f6a98021000-7f6a9c000000 ---p 00000000 00:00 0 
7f6a9c000000-7f6a9c022000 rw-p 00000000 00:00 0 
7f6a9c022000-7f6aa0000000 ---p 00000000 00:00 0 
7f6aa0000000-7f6aa02b0000 rw-p 00000000 00:00 0 
7f6aa02b0000-7f6aa4000000 ---p 00000000 00:00 0 
7f6aa4000000-7f6aa4021000 rw-p 00000000 00:00 0 
7f6aa4021000-7f6aa8000000 ---p 00000000 00:00 0 
7f6aa8129000-7f6aa8169000 rw-p 00000000 00:00 0 
7f6aa8169000-7f6aa8329000 ---p 00000000 00:00 0 
7f6aa8329000-7f6aa8529000 rw-p 00000000 00:00 0 
7f6aa8636000-7f6aa86b2000 r--s 005da000 08:01 146078                     /home/novabase/.m2/repository/org/hibernate/hibernate-core/5.2.11.Final/hibernate-core-5.2.11.Final.jar
7f6aa86b2000-7f6aa86de000 r--s 00208000 08:01 665717                     /home/novabase/.m2/repository/com/google/guava/guava/19.0/guava-19.0.jar
7f6aa86de000-7f6aa86df000 r--s 0000b000 08:01 143337                     /home/novabase/.m2/repository/org/ow2/asm/asm-util/6.0_BETA/asm-util-6.0_BETA.jar
7f6aa86df000-7f6aa86e1000 r--s 00004000 08:01 143335                     /home/novabase/.m2/repository/org/ow2/asm/asm-analysis/6.0_BETA/asm-analysis-6.0_BETA.jar
7f6aa86e1000-7f6aa86e3000 r--s 00004000 08:01 143334                     /home/novabase/.m2/repository/org/vafer/jdependency/1.2/jdependency-1.2.jar
7f6aa86e3000-7f6aa86e7000 r--s 0001d000 08:01 143089                     /home/novabase/.m2/repository/org/eclipse/aether/aether-util/0.9.0.M2/aether-util-0.9.0.M2.jar
7f6aa86e7000-7f6aa86ea000 r--s 0000d000 08:01 536494                     /home/novabase/.m2/repository/org/apache/maven/shared/maven-dependency-tree/2.2/maven-dependency-tree-2.2.jar
7f6aa86ea000-7f6aa86ec000 r--s 00023000 08:01 143331                     /home/novabase/.m2/repository/org/jdom/jdom/1.1.3/jdom-1.1.3.jar
7f6aa86ec000-7f6aa86ee000 r--s 00007000 08:01 143330                     /home/novabase/.m2/repository/org/ow2/asm/asm-tree/6.0_BETA/asm-tree-6.0_BETA.jar
7f6aa86ee000-7f6aa86f0000 r--s 0000b000 08:01 143327                     /home/novabase/.m2/repository/org/ow2/asm/asm-commons/6.0_BETA/asm-commons-6.0_BETA.jar
7f6aa86f0000-7f6aa86f1000 r--s 0000d000 08:01 143325                     /home/novabase/.m2/repository/org/ow2/asm/asm/6.0_BETA/asm-6.0_BETA.jar
7f6aa86f1000-7f6aa86f7000 r--s 00033000 08:01 142561                     /home/novabase/.m2/repository/commons-codec/commons-codec/1.6/commons-codec-1.6.jar
7f6aa86f7000-7f6aa86fa000 r--s 0000d000 08:01 536492                     /home/novabase/.m2/repository/org/apache/maven/shared/maven-common-artifact-filters/3.0.1/maven-common-artifact-filters-3.0.1.jar
7f6aa86fa000-7f6aa86ff000 r--s 0001a000 08:01 536490                     /home/novabase/.m2/repository/org/apache/maven/shared/maven-artifact-transfer/0.9.1/maven-artifact-transfer-0.9.1.jar
7f6aa86ff000-7f6aa8703000 r--s 00039000 08:01 1460569                    /home/novabase/.m2/repository/org/codehaus/plexus/plexus-utils/3.0.24/plexus-utils-3.0.24.jar
7f6aa8703000-7f6aa8705000 r--s 0001a000 08:01 143266                     /home/novabase/.m2/repository/org/apache/maven/plugins/maven-shade-plugin/3.1.0/maven-shade-plugin-3.1.0.jar
7f6aa8705000-7f6aa8905000 rw-p 00000000 00:00 0 
7f6aa8905000-7f6aa8907000 r--s 00007000 08:01 536672                     /home/novabase/.m2/repository/org/apache/maven/shared/maven-filtering/1.0-beta-2/maven-filtering-1.0-beta-2.jar
7f6aa8907000-7f6aa8909000 r--s 00005000 08:01 536670                     /home/novabase/.m2/repository/xpp3/xpp3_min/1.1.4c/xpp3_min-1.1.4c.jar
7f6aa8909000-7f6aa8914000 r--s 0005f000 08:01 665820                     /home/novabase/.m2/repository/com/thoughtworks/xstream/xstream/1.3.1/xstream-1.3.1.jar
7f6aa8914000-7f6aa8916000 r--s 0000d000 08:01 1460801                    /home/novabase/.m2/repository/org/codehaus/plexus/plexus-interpolation/1.15/plexus-interpolation-1.15.jar
7f6aa8916000-7f6aa891b000 r--s 00029000 08:01 665405                     /home/novabase/.m2/repository/org/codehaus/plexus/plexus-archiver/2.1/plexus-archiver-2.1.jar
7f6aa891b000-7f6aa891e000 r--s 0000c000 08:01 1063768                    /home/novabase/.m2/repository/org/codehaus/plexus/plexus-io/2.0.2/plexus-io-2.0.2.jar
7f6aa891e000-7f6aa8920000 r--s 00004000 08:01 1460815                    /home/novabase/.m2/repository/org/apache/maven/maven-archiver/2.5/maven-archiver-2.5.jar
7f6aa8920000-7f6aa8923000 r--s 00011000 08:01 536654                     /home/novabase/.m2/repository/org/apache/maven/plugins/maven-war-plugin/2.2/maven-war-plugin-2.2.jar
7f6aa8923000-7f6aa8924000 r--s 00003000 08:01 795028                     /home/novabase/.m2/repository/org/apache/maven/plugin-tools/maven-plugin-annotations/3.2/maven-plugin-annotations-3.2.jar
7f6aa8924000-7f6aa8928000 r--s 00020000 08:01 1063753                    /home/novabase/.m2/repository/org/apache/maven/surefire/surefire-api/2.17/surefire-api-2.17.jar
7f6aa8928000-7f6aa892e000 r--s 00048000 08:01 933210                     /home/novabase/.m2/repository/org/apache/commons/commons-lang3/3.1/commons-lang3-3.1.jar
7f6aa892e000-7f6aa892f000 r--s 00002000 08:01 1460731                    /home/novabase/.m2/repository/org/apache/maven/reporting/maven-reporting-api/2.0.9/maven-reporting-api-2.0.9.jar
7f6aa892f000-7f6aa8933000 r--s 00030000 08:01 933209                     /home/novabase/.m2/repository/org/codehaus/plexus/plexus-utils/1.5.1/plexus-utils-1.5.1.jar
7f6aa8933000-7f6aa8935000 r--s 00008000 08:01 1063749                    /home/novabase/.m2/repository/org/apache/maven/surefire/surefire-booter/2.17/surefire-booter-2.17.jar
7f6aa8935000-7f6aa893a000 r--s 0003c000 08:01 1460718                    /home/novabase/.m2/repository/org/apache/maven/surefire/maven-surefire-common/2.17/maven-surefire-common-2.17.jar
7f6aa893a000-7f6aa893c000 r--s 00007000 08:01 1452584                    /home/novabase/.m2/repository/org/apache/maven/plugins/maven-surefire-plugin/2.17/maven-surefire-plugin-2.17.jar
7f6aa893c000-7f6aa8b3c000 rw-p 00000000 00:00 0 
7f6aa8b3c000-7f6aa8d3c000 rw-p 00000000 00:00 0 
7f6aa8d3c000-7f6aa8db5000 r--s 010fd000 08:01 662744                     /usr/lib/jvm/java-8-openjdk-amd64/lib/tools.jar
7f6aa8db5000-7f6aa8db6000 r--s 00004000 08:01 297502                     /home/novabase/.m2/repository/org/codehaus/plexus/plexus-compiler-javac/2.8.1/plexus-compiler-javac-2.8.1.jar
7f6aa8db6000-7f6aa8db8000 r--s 00000000 08:01 297500                     /home/novabase/.m2/repository/org/codehaus/plexus/plexus-compiler-manager/2.8.1/plexus-compiler-manager-2.8.1.jar
7f6aa8db8000-7f6aa8dba000 r--s 00005000 08:01 297498                     /home/novabase/.m2/repository/org/codehaus/plexus/plexus-compiler-api/2.8.1/plexus-compiler-api-2.8.1.jar
7f6aa8dba000-7f6aa8dc1000 r--s 00046000 08:01 665773                     /home/novabase/.m2/repository/com/thoughtworks/qdox/qdox/2.0-M5/qdox-2.0-M5.jar
7f6aa8dc1000-7f6aa8dc3000 r--s 0000c000 08:01 297496                     /home/novabase/.m2/repository/org/ow2/asm/asm/6.0_ALPHA/asm-6.0_ALPHA.jar
7f6aa8dc3000-7f6aa8dc5000 r--s 00002000 08:01 665382                     /home/novabase/.m2/repository/org/apache/maven/shared/maven-shared-incremental/1.1/maven-shared-incremental-1.1.jar
7f6aa8dc5000-7f6aa8dc9000 r--s 0002f000 08:01 297279                     /home/novabase/.m2/repository/commons-io/commons-io/2.5/commons-io-2.5.jar
7f6aa8dc9000-7f6aa8dcc000 r--s 00025000 08:01 1063971                    /home/novabase/.m2/repository/org/apache/maven/shared/maven-shared-utils/3.1.0/maven-shared-utils-3.1.0.jar
7f6aa8dcc000-7f6aa8dce000 r--s 00002000 08:01 1460563                    /home/novabase/.m2/repository/org/sonatype/plexus/plexus-cipher/1.4/plexus-cipher-1.4.jar
7f6aa8dce000-7f6aa8dcf000 r--s 00006000 08:01 1460562                    /home/novabase/.m2/repository/org/sonatype/plexus/plexus-sec-dispatcher/1.3/plexus-sec-dispatcher-1.3.jar
7f6aa8dcf000-7f6aa8dd1000 r--s 00000000 08:01 297277                     /home/novabase/.m2/repository/org/codehaus/plexus/plexus-component-annotations/1.6/plexus-component-annotations-1.6.jar
7f6aa8dd1000-7f6aa8dd3000 r--s 0000d000 08:01 1460672                    /home/novabase/.m2/repository/org/codehaus/plexus/plexus-interpolation/1.14/plexus-interpolation-1.14.jar
7f6aa8dd3000-7f6aa8dd7000 r--s 00017000 08:01 536170                     /home/novabase/.m2/repository/org/sonatype/aether/aether-util/1.7/aether-util-1.7.jar
7f6aa8dd7000-7f6aa8ddb000 r--s 00033000 08:01 1460670                    /home/novabase/.m2/repository/org/codehaus/plexus/plexus-utils/2.0.4/plexus-utils-2.0.4.jar
7f6aa8ddb000-7f6aa8de6000 r--s 00069000 08:01 1460545                    /home/novabase/.m2/repository/org/sonatype/sisu/sisu-guice/2.1.7/sisu-guice-2.1.7-noaop.jar
7f6aa8de6000-7f6aa8deb000 r--s 00021000 08:01 1460541                    /home/novabase/.m2/repository/org/sonatype/sisu/sisu-inject-bean/1.4.2/sisu-inject-bean-1.4.2.jar
7f6aa8deb000-7f6aa8ded000 r--s 0000d000 08:01 297462                     /home/novabase/.m2/repository/org/apache/maven/plugins/maven-compiler-plugin/3.6.1/maven-compiler-plugin-3.6.1.jar
7f6aa8ded000-7f6aa8def000 r--s 0000d000 08:01 142607                     /home/novabase/.m2/repository/org/codehaus/plexus/plexus-interpolation/1.13/plexus-interpolation-1.13.jar
7f6aa8def000-7f6aa8df0000 r--s 00001000 08:01 142605                     /home/novabase/.m2/repository/org/sonatype/plexus/plexus-build-api/0.0.4/plexus-build-api-0.0.4.jar
7f6aa8df0000-7f6aa8df2000 r--s 00009000 08:01 142603                     /home/novabase/.m2/repository/org/apache/maven/shared/maven-filtering/1.1/maven-filtering-1.1.jar
7f6aa8df2000-7f6aa8df6000 r--s 00033000 08:01 1460826                    /home/novabase/.m2/repository/org/codehaus/plexus/plexus-utils/2.0.5/plexus-utils-2.0.5.jar
7f6aa8df6000-7f6aa8df9000 r--s 0001b000 08:01 536208                     /home/novabase/.m2/repository/junit/junit/3.8.1/junit-3.8.1.jar
7f6aa8df9000-7f6aa8dfb000 r--s 00002000 08:01 297329                     /home/novabase/.m2/repository/org/codehaus/plexus/plexus-interactivity-api/1.0-alpha-4/plexus-interactivity-api-1.0-alpha-4.jar
7f6aa8dfb000-7f6aa8dfd000 r--s 00006000 08:01 1180924                    /home/novabase/.m2/repository/commons-cli/commons-cli/1.0/commons-cli-1.0.jar
7f6aa8dfd000-7f6aa8dfe000 r--s 00001000 08:01 665403                     /home/novabase/.m2/repository/org/apache/maven/doxia/doxia-sink-api/1.0-alpha-7/doxia-sink-api-1.0-alpha-7.jar
7f6aa8dfe000-7f6aa8dff000 r--s 00002000 08:01 1460822                    /home/novabase/.m2/repository/org/apache/maven/reporting/maven-reporting-api/2.0.6/maven-reporting-api-2.0.6.jar
7f6aa8dff000-7f6aa8e01000 r--s 00006000 08:01 536453                     /home/novabase/.m2/repository/org/apache/maven/plugins/maven-resources-plugin/2.6/maven-resources-plugin-2.6.jar
7f6aa8e01000-7f6aa8e05000 r--s 00034000 08:01 795045                     /home/novabase/.m2/repository/org/codehaus/plexus/plexus-utils/3.0/plexus-utils-3.0.jar
7f6aa8e05000-7f6aa9005000 rw-p 00000000 00:00 0 
7f6aa9005000-7f6aa9007000 r--s 00005000 08:01 142577                     /home/novabase/.m2/repository/org/apache/maven/plugins/maven-clean-plugin/2.5/maven-clean-plugin-2.5.jar
7f6aa9007000-7f6aa9018000 r-xp 00000000 08:01 790191                     /usr/lib/jvm/java-8-openjdk-amd64/jre/lib/amd64/libnio.so
7f6aa9018000-7f6aa9218000 ---p 00011000 08:01 790191                     /usr/lib/jvm/java-8-openjdk-amd64/jre/lib/amd64/libnio.so
7f6aa9218000-7f6aa9219000 r--p 00011000 08:01 790191                     /usr/lib/jvm/java-8-openjdk-amd64/jre/lib/amd64/libnio.so
7f6aa9219000-7f6aa921a000 rw-p 00012000 08:01 790191                     /usr/lib/jvm/java-8-openjdk-amd64/jre/lib/amd64/libnio.so
7f6aa921a000-7f6aa9231000 r-xp 00000000 08:01 790190                     /usr/lib/jvm/java-8-openjdk-amd64/jre/lib/amd64/libnet.so
7f6aa9231000-7f6aa9430000 ---p 00017000 08:01 790190                     /usr/lib/jvm/java-8-openjdk-amd64/jre/lib/amd64/libnet.so
7f6aa9430000-7f6aa9431000 r--p 00016000 08:01 790190                     /usr/lib/jvm/java-8-openjdk-amd64/jre/lib/amd64/libnet.so
7f6aa9431000-7f6aa9432000 rw-p 00017000 08:01 790190                     /usr/lib/jvm/java-8-openjdk-amd64/jre/lib/amd64/libnet.so
7f6aa9432000-7f6aa9437000 r--s 0009a000 08:01 792814                     /usr/lib/jvm/java-8-openjdk-amd64/jre/lib/jsse.jar
7f6aa9437000-7f6aa9637000 rw-p 00000000 00:00 0 
7f6aa9637000-7f6aa9837000 rw-p 00000000 00:00 0 
7f6aa9837000-7f6aa9a37000 rw-p 00000000 00:00 0 
7f6aa9a37000-7f6aa9a3b000 r--s 00038000 08:01 1340226                    /usr/share/java/plexus-utils2.jar
7f6aa9a3b000-7f6aa9a3d000 r--s 00005000 08:01 1340021                    /usr/share/java/eclipse-aether-transport-wagon.jar
7f6aa9a3d000-7f6aa9a40000 r--s 0000a000 08:01 1340302                    /usr/share/java/maven3-artifact-3.3.9.jar
7f6aa9a40000-7f6aa9a41000 r--s 00000000 08:01 1339681                    /usr/share/java/geronimo-interceptor-3.0-spec-1.0.1.jar
7f6aa9a41000-7f6aa9a43000 r--s 00012000 08:01 1339687                    /usr/share/java/el-api-3.0.jar
7f6aa9a43000-7f6aa9a44000 r--s 00000000 08:01 1339668                    /usr/share/java/atinject-jsr330-api-1.0.jar
7f6aa9a44000-7f6aa9a47000 r--s 00008000 08:01 1339695                    /usr/share/java/cdi-api-1.0.jar
7f6aa9a47000-7f6aa9a4f000 r--s 00068000 08:01 1339757                    /usr/share/java/commons-lang3.jar
7f6aa9a4f000-7f6aa9a50000 r--s 00004000 08:01 1339667                    /usr/share/java/atinject-jsr330-tck-1.0.jar
7f6aa9a50000-7f6aa9a56000 r--s 0004f000 08:01 1339925                    /usr/share/java/jsoup.jar
7f6aa9a56000-7f6aa9a58000 r--s 00006000 08:01 1340020                    /usr/share/java/eclipse-aether-spi.jar
7f6aa9a58000-7f6aa9a5d000 r--s 0002e000 08:01 1339745                    /usr/share/java/commons-io.jar
7f6aa9a5d000-7f6aa9a5f000 r--s 0000a000 08:01 1339713                    /usr/share/java/commons-cli-1.3.1.jar
7f6aa9a5f000-7f6aa9a66000 r--s 00054000 08:01 1340261                    /usr/share/java/sisu-inject.jar
7f6aa9a66000-7f6aa9a68000 r--s 00001000 08:01 1340038                    /usr/share/java/aopalliance-1.0.jar
7f6aa9a68000-7f6aa9a76000 r--s 00099000 08:01 1340052                    /usr/share/java/guice.jar
7f6aa9a76000-7f6aa9a83000 r--s 0008d000 08:01 1340305                    /usr/share/java/maven3-core-3.3.9.jar
7f6aa9a83000-7f6aa9a87000 r--s 00020000 08:01 1340023                    /usr/share/java/eclipse-aether-util.jar
7f6aa9a87000-7f6aa9a88000 r--s 00002000 08:01 1339898                    /usr/share/java/slf4j-simple.jar
7f6aa9a88000-7f6aa9a89000 r--s 00001000 08:01 1340273                    /usr/share/java/wagon-file-2.x.jar
7f6aa9a89000-7f6aa9a8a000 r--s 00009000 08:01 1339892                    /usr/share/java/slf4j-api.jar
7f6aa9a8a000-7f6aa9a91000 r--s 0002c000 08:01 1340267                    /usr/share/java/sisu-plexus.jar
7f6aa9a91000-7f6aa9a93000 r--s 0000a000 08:01 1340303                    /usr/share/java/maven3-plugin-api-3.3.9.jar
7f6aa9a93000-7f6aa9a98000 r--s 00040000 08:01 1339751                    /usr/share/java/commons-lang-2.6.jar
7f6aa9a98000-7f6aa9a99000 r--s 00006000 08:01 1340298                    /usr/share/java/maven3-repository-metadata-3.3.9.jar
7f6aa9a99000-7f6aa9a9b000 r--s 00002000 08:01 1340158                    /usr/share/java/plexus-cipher.jar
7f6aa9a9b000-7f6aa9a9d000 r--s 00001000 08:01 1340304                    /usr/share/java/maven3-builder-support-3.3.9.jar
7f6aa9a9d000-7f6aa9a9f000 r--s 00000000 08:01 1340220                    /usr/share/java/plexus-component-annotations-1.5.jar
7f6aa9a9f000-7f6aa9acb000 r--s 00208000 08:01 1339938                    /usr/share/java/guava.jar
7f6aa9acb000-7f6aa9acc000 r--s 00006000 08:01 1340164                    /usr/share/java/plexus-sec-dispatcher.jar
7f6aa9acc000-7f6aa9ad1000 r--s 00025000 08:01 1340295                    /usr/share/java/maven3-model-builder-3.3.9.jar
7f6aa9ad1000-7f6aa9ad2000 r--s 00001000 08:01 1340278                    /usr/share/java/wagon-http-shared-2.x.jar
7f6aa9ad2000-7f6aa9ad4000 r--s 0000a000 08:01 1340279                    /usr/share/java/wagon-provider-api-2.x.jar
7f6aa9ad4000-7f6aa9ad6000 r--s 00027000 08:01 1340296                    /usr/share/java/maven3-model-3.3.9.jar
7f6aa9ad6000-7f6aa9ada000 r--s 00027000 08:01 1340015                    /usr/share/java/eclipse-aether-impl.jar
7f6aa9ada000-7f6aa9adc000 r--s 0000e000 08:01 1339854                    /usr/share/java/plexus-interpolation.jar
7f6aa9adc000-7f6aa9adf000 r--s 00007000 08:01 1340297                    /usr/share/java/maven3-settings-builder-3.3.9.jar
7f6aa9adf000-7f6aa9b10000 r--s 00212000 08:01 1340277                    /usr/share/java/wagon-http-shaded-2.x.jar
7f6aa9b10000-7f6aa9b12000 r--s 00013000 08:01 1340301                    /usr/share/java/maven3-embedder-3.3.9.jar
7f6aa9b12000-7f6aa9b17000 r--s 0001d000 08:01 1340022                    /usr/share/java/eclipse-aether-api.jar
7f6aa9b17000-7f6aa9b18000 r--s 00008000 08:01 1340018                    /usr/share/java/eclipse-aether-connector-basic.jar
7f6aa9b18000-7f6aa9b1f000 r--s 00041000 08:01 1340299                    /usr/share/java/maven3-compat-3.3.9.jar
7f6aa9b1f000-7f6aa9b21000 r--s 0000d000 08:01 1340294                    /usr/share/java/maven3-aether-provider-3.3.9.jar
7f6aa9b21000-7f6aa9b23000 r--s 0000a000 08:01 1340214                    /usr/share/java/plexus-classworlds2-2.5.2.jar
7f6aa9b23000-7f6aa9b2d000 r--s 00116000 08:01 930683                     /usr/lib/jvm/java-8-openjdk-amd64/jre/lib/ext/localedata.jar
7f6aa9b2d000-7f6aa9b48000 r--s 001d6000 08:01 930684                     /usr/lib/jvm/java-8-openjdk-amd64/jre/lib/ext/nashorn.jar
7f6aa9b48000-7f6aa9b63000 r--s 00394000 08:01 930679                     /usr/lib/jvm/java-8-openjdk-amd64/jre/lib/ext/cldrdata.jar
7f6aa9b63000-7f6aa9b64000 ---p 00000000 00:00 0 
7f6aa9b64000-7f6aa9c64000 rw-p 00000000 00:00 0 
7f6aa9c64000-7f6aa9c67000 ---p 00000000 00:00 0 
7f6aa9c67000-7f6aa9d65000 rw-p 00000000 00:00 0 
7f6aa9d65000-7f6aa9d68000 ---p 00000000 00:00 0 
7f6aa9d68000-7f6aa9e66000 rw-p 00000000 00:00 0 
7f6aa9e66000-7f6aa9e69000 ---p 00000000 00:00 0 
7f6aa9e69000-7f6aa9f67000 rw-p 00000000 00:00 0 
7f6aa9f67000-7f6aa9f6a000 ---p 00000000 00:00 0 
7f6aa9f6a000-7f6aaa068000 rw-p 00000000 00:00 0 
7f6aaa068000-7f6aaa344000 r--p 00000000 08:01 1184976                    /usr/lib/locale/locale-archive
7f6aaa344000-7f6aaa347000 ---p 00000000 00:00 0 
7f6aaa347000-7f6aaa445000 rw-p 00000000 00:00 0 
7f6aaa445000-7f6aaa448000 ---p 00000000 00:00 0 
7f6aaa448000-7f6aaa546000 rw-p 00000000 00:00 0 
7f6aaa546000-7f6aaa547000 ---p 00000000 00:00 0 
7f6aaa547000-7f6aaaeb2000 rw-p 00000000 00:00 0 
7f6aaaeb2000-7f6aab080000 r--s 03c13000 08:01 792819                     /usr/lib/jvm/java-8-openjdk-amd64/jre/lib/rt.jar
7f6aab080000-7f6aad000000 rw-p 00000000 00:00 0 
7f6aad000000-7f6aadbf0000 rwxp 00000000 00:00 0 
7f6aadbf0000-7f6abc000000 ---p 00000000 00:00 0 
7f6abc000000-7f6abcf28000 rw-p 00000000 00:00 0 
7f6abcf28000-7f6ac0000000 ---p 00000000 00:00 0 
7f6ac0000000-7f6ac0003000 r--s 0000f000 08:01 930681                     /usr/lib/jvm/java-8-openjdk-amd64/jre/lib/ext/icedtea-sound.jar
7f6ac0003000-7f6ac0008000 r--s 0003b000 08:01 930686                     /usr/lib/jvm/java-8-openjdk-amd64/jre/lib/ext/sunjce_provider.jar
7f6ac0008000-7f6ac02f7000 rw-p 00000000 00:00 0 
7f6ac02f7000-7f6ac02f8000 ---p 00000000 00:00 0 
7f6ac02f8000-7f6ac03f8000 rw-p 00000000 00:00 0 
7f6ac03f8000-7f6ac03f9000 ---p 00000000 00:00 0 
7f6ac03f9000-7f6ac051d000 rw-p 00000000 00:00 0 
7f6ac051d000-7f6ac05f4000 ---p 00000000 00:00 0 
7f6ac05f4000-7f6ac0618000 rw-p 00000000 00:00 0 
7f6ac0618000-7f6ac06ee000 ---p 00000000 00:00 0 
7f6ac06ee000-7f6ac0757000 rw-p 00000000 00:00 0 
7f6ac0757000-7f6ac076c000 ---p 00000000 00:00 0 
7f6ac076c000-7f6ac079d000 rw-p 00000000 00:00 0 
7f6ac079d000-7f6ac0b2d000 ---p 00000000 00:00 0 
7f6ac0b2d000-7f6ac0b35000 r-xp 00000000 08:01 790198                     /usr/lib/jvm/java-8-openjdk-amd64/jre/lib/amd64/libzip.so
7f6ac0b35000-7f6ac0d34000 ---p 00008000 08:01 790198                     /usr/lib/jvm/java-8-openjdk-amd64/jre/lib/amd64/libzip.so
7f6ac0d34000-7f6ac0d35000 r--p 00007000 08:01 790198                     /usr/lib/jvm/java-8-openjdk-amd64/jre/lib/amd64/libzip.so
7f6ac0d35000-7f6ac0d36000 rw-p 00008000 08:01 790198                     /usr/lib/jvm/java-8-openjdk-amd64/jre/lib/amd64/libzip.so
7f6ac0d36000-7f6ac0d41000 r-xp 00000000 08:01 917551                     /lib/x86_64-linux-gnu/libnss_files-2.24.so
7f6ac0d41000-7f6ac0f40000 ---p 0000b000 08:01 917551                     /lib/x86_64-linux-gnu/libnss_files-2.24.so
7f6ac0f40000-7f6ac0f41000 r--p 0000a000 08:01 917551                     /lib/x86_64-linux-gnu/libnss_files-2.24.so
7f6ac0f41000-7f6ac0f42000 rw-p 0000b000 08:01 917551                     /lib/x86_64-linux-gnu/libnss_files-2.24.so
7f6ac0f42000-7f6ac0f48000 rw-p 00000000 00:00 0 
7f6ac0f48000-7f6ac0f53000 r-xp 00000000 08:01 917553                     /lib/x86_64-linux-gnu/libnss_nis-2.24.so
7f6ac0f53000-7f6ac1152000 ---p 0000b000 08:01 917553                     /lib/x86_64-linux-gnu/libnss_nis-2.24.so
7f6ac1152000-7f6ac1153000 r--p 0000a000 08:01 917553                     /lib/x86_64-linux-gnu/libnss_nis-2.24.so
7f6ac1153000-7f6ac1154000 rw-p 0000b000 08:01 917553                     /lib/x86_64-linux-gnu/libnss_nis-2.24.so
7f6ac1154000-7f6ac116a000 r-xp 00000000 08:01 917548                     /lib/x86_64-linux-gnu/libnsl-2.24.so
7f6ac116a000-7f6ac1369000 ---p 00016000 08:01 917548                     /lib/x86_64-linux-gnu/libnsl-2.24.so
7f6ac1369000-7f6ac136a000 r--p 00015000 08:01 917548                     /lib/x86_64-linux-gnu/libnsl-2.24.so
7f6ac136a000-7f6ac136b000 rw-p 00016000 08:01 917548                     /lib/x86_64-linux-gnu/libnsl-2.24.so
7f6ac136b000-7f6ac136d000 rw-p 00000000 00:00 0 
7f6ac136d000-7f6ac1375000 r-xp 00000000 08:01 917549                     /lib/x86_64-linux-gnu/libnss_compat-2.24.so
7f6ac1375000-7f6ac1574000 ---p 00008000 08:01 917549                     /lib/x86_64-linux-gnu/libnss_compat-2.24.so
7f6ac1574000-7f6ac1575000 r--p 00007000 08:01 917549                     /lib/x86_64-linux-gnu/libnss_compat-2.24.so
7f6ac1575000-7f6ac1576000 rw-p 00008000 08:01 917549                     /lib/x86_64-linux-gnu/libnss_compat-2.24.so
7f6ac1576000-7f6ac15a3000 r-xp 00000000 08:01 790179                     /usr/lib/jvm/java-8-openjdk-amd64/jre/lib/amd64/libjava.so
7f6ac15a3000-7f6ac17a2000 ---p 0002d000 08:01 790179                     /usr/lib/jvm/java-8-openjdk-amd64/jre/lib/amd64/libjava.so
7f6ac17a2000-7f6ac17a3000 r--p 0002c000 08:01 790179                     /usr/lib/jvm/java-8-openjdk-amd64/jre/lib/amd64/libjava.so
7f6ac17a3000-7f6ac17a5000 rw-p 0002d000 08:01 790179                     /usr/lib/jvm/java-8-openjdk-amd64/jre/lib/amd64/libjava.so
7f6ac17a5000-7f6ac17b4000 r-xp 00000000 08:01 790197                     /usr/lib/jvm/java-8-openjdk-amd64/jre/lib/amd64/libverify.so
7f6ac17b4000-7f6ac19b4000 ---p 0000f000 08:01 790197                     /usr/lib/jvm/java-8-openjdk-amd64/jre/lib/amd64/libverify.so
7f6ac19b4000-7f6ac19b6000 r--p 0000f000 08:01 790197                     /usr/lib/jvm/java-8-openjdk-amd64/jre/lib/amd64/libverify.so
7f6ac19b6000-7f6ac19b7000 rw-p 00011000 08:01 790197                     /usr/lib/jvm/java-8-openjdk-amd64/jre/lib/amd64/libverify.so
7f6ac19b7000-7f6ac19be000 r-xp 00000000 08:01 922898                     /lib/x86_64-linux-gnu/librt-2.24.so
7f6ac19be000-7f6ac1bbd000 ---p 00007000 08:01 922898                     /lib/x86_64-linux-gnu/librt-2.24.so
7f6ac1bbd000-7f6ac1bbe000 r--p 00006000 08:01 922898                     /lib/x86_64-linux-gnu/librt-2.24.so
7f6ac1bbe000-7f6ac1bbf000 rw-p 00007000 08:01 922898                     /lib/x86_64-linux-gnu/librt-2.24.so
7f6ac1bbf000-7f6ac1bd5000 r-xp 00000000 08:01 923076                     /lib/x86_64-linux-gnu/libgcc_s.so.1
7f6ac1bd5000-7f6ac1dd4000 ---p 00016000 08:01 923076                     /lib/x86_64-linux-gnu/libgcc_s.so.1
7f6ac1dd4000-7f6ac1dd5000 r--p 00015000 08:01 923076                     /lib/x86_64-linux-gnu/libgcc_s.so.1
7f6ac1dd5000-7f6ac1dd6000 rw-p 00016000 08:01 923076                     /lib/x86_64-linux-gnu/libgcc_s.so.1
7f6ac1dd6000-7f6ac1ede000 r-xp 00000000 08:01 917545                     /lib/x86_64-linux-gnu/libm-2.24.so
7f6ac1ede000-7f6ac20dd000 ---p 00108000 08:01 917545                     /lib/x86_64-linux-gnu/libm-2.24.so
7f6ac20dd000-7f6ac20de000 r--p 00107000 08:01 917545                     /lib/x86_64-linux-gnu/libm-2.24.so
7f6ac20de000-7f6ac20df000 rw-p 00108000 08:01 917545                     /lib/x86_64-linux-gnu/libm-2.24.so
7f6ac20df000-7f6ac2258000 r-xp 00000000 08:01 1186287                    /usr/lib/x86_64-linux-gnu/libstdc++.so.6.0.22
7f6ac2258000-7f6ac2457000 ---p 00179000 08:01 1186287                    /usr/lib/x86_64-linux-gnu/libstdc++.so.6.0.22
7f6ac2457000-7f6ac2461000 r--p 00178000 08:01 1186287                    /usr/lib/x86_64-linux-gnu/libstdc++.so.6.0.22
7f6ac2461000-7f6ac2463000 rw-p 00182000 08:01 1186287                    /usr/lib/x86_64-linux-gnu/libstdc++.so.6.0.22
7f6ac2463000-7f6ac2467000 rw-p 00000000 00:00 0 
7f6ac2467000-7f6ac30c1000 r-xp 00000000 08:01 790201                     /usr/lib/jvm/java-8-openjdk-amd64/jre/lib/amd64/server/libjvm.so
7f6ac30c1000-7f6ac32c0000 ---p 00c5a000 08:01 790201                     /usr/lib/jvm/java-8-openjdk-amd64/jre/lib/amd64/server/libjvm.so
7f6ac32c0000-7f6ac3353000 r--p 00c59000 08:01 790201                     /usr/lib/jvm/java-8-openjdk-amd64/jre/lib/amd64/server/libjvm.so
7f6ac3353000-7f6ac337c000 rw-p 00cec000 08:01 790201                     /usr/lib/jvm/java-8-openjdk-amd64/jre/lib/amd64/server/libjvm.so
7f6ac337c000-7f6ac33ac000 rw-p 00000000 00:00 0 
7f6ac33ac000-7f6ac33c4000 r-xp 00000000 08:01 922554                     /lib/x86_64-linux-gnu/libpthread-2.24.so
7f6ac33c4000-7f6ac35c4000 ---p 00018000 08:01 922554                     /lib/x86_64-linux-gnu/libpthread-2.24.so
7f6ac35c4000-7f6ac35c5000 r--p 00018000 08:01 922554                     /lib/x86_64-linux-gnu/libpthread-2.24.so
7f6ac35c5000-7f6ac35c6000 rw-p 00019000 08:01 922554                     /lib/x86_64-linux-gnu/libpthread-2.24.so
7f6ac35c6000-7f6ac35ca000 rw-p 00000000 00:00 0 
7f6ac35ca000-7f6ac35cd000 r-xp 00000000 08:01 917544                     /lib/x86_64-linux-gnu/libdl-2.24.so
7f6ac35cd000-7f6ac37cc000 ---p 00003000 08:01 917544                     /lib/x86_64-linux-gnu/libdl-2.24.so
7f6ac37cc000-7f6ac37cd000 r--p 00002000 08:01 917544                     /lib/x86_64-linux-gnu/libdl-2.24.so
7f6ac37cd000-7f6ac37ce000 rw-p 00003000 08:01 917544                     /lib/x86_64-linux-gnu/libdl-2.24.so
7f6ac37ce000-7f6ac37e9000 r-xp 00000000 08:01 923213                     /lib/x86_64-linux-gnu/libz.so.1.2.11
7f6ac37e9000-7f6ac39e8000 ---p 0001b000 08:01 923213                     /lib/x86_64-linux-gnu/libz.so.1.2.11
7f6ac39e8000-7f6ac39e9000 r--p 0001a000 08:01 923213                     /lib/x86_64-linux-gnu/libz.so.1.2.11
7f6ac39e9000-7f6ac39ea000 rw-p 0001b000 08:01 923213                     /lib/x86_64-linux-gnu/libz.so.1.2.11
7f6ac39ea000-7f6ac3ba8000 r-xp 00000000 08:01 917541                     /lib/x86_64-linux-gnu/libc-2.24.so
7f6ac3ba8000-7f6ac3da7000 ---p 001be000 08:01 917541                     /lib/x86_64-linux-gnu/libc-2.24.so
7f6ac3da7000-7f6ac3dab000 r--p 001bd000 08:01 917541                     /lib/x86_64-linux-gnu/libc-2.24.so
7f6ac3dab000-7f6ac3dad000 rw-p 001c1000 08:01 917541                     /lib/x86_64-linux-gnu/libc-2.24.so
7f6ac3dad000-7f6ac3db1000 rw-p 00000000 00:00 0 
7f6ac3db1000-7f6ac3dbe000 r-xp 00000000 08:01 790165                     /usr/lib/jvm/java-8-openjdk-amd64/jre/lib/amd64/jli/libjli.so
7f6ac3dbe000-7f6ac3fbe000 ---p 0000d000 08:01 790165                     /usr/lib/jvm/java-8-openjdk-amd64/jre/lib/amd64/jli/libjli.so
7f6ac3fbe000-7f6ac3fbf000 r--p 0000d000 08:01 790165                     /usr/lib/jvm/java-8-openjdk-amd64/jre/lib/amd64/jli/libjli.so
7f6ac3fbf000-7f6ac3fc0000 rw-p 0000e000 08:01 790165                     /usr/lib/jvm/java-8-openjdk-amd64/jre/lib/amd64/jli/libjli.so
7f6ac3fc0000-7f6ac3fe6000 r-xp 00000000 08:01 917518                     /lib/x86_64-linux-gnu/ld-2.24.so
7f6ac3fe6000-7f6ac3fe8000 r--s 00007000 08:01 1319769                    /usr/share/java/java-atk-wrapper.jar
7f6ac3fe8000-7f6ac3fea000 r--s 00001000 08:01 930680                     /usr/lib/jvm/java-8-openjdk-amd64/jre/lib/ext/dnsns.jar
7f6ac3fea000-7f6ac40ca000 rw-p 00000000 00:00 0 
7f6ac40ca000-7f6ac40cd000 ---p 00000000 00:00 0 
7f6ac40cd000-7f6ac41cf000 rw-p 00000000 00:00 0 
7f6ac41cf000-7f6ac41d0000 r--s 0000a000 08:01 1340300                    /usr/share/java/maven3-settings-3.3.9.jar
7f6ac41d0000-7f6ac41d1000 r--s 00010000 08:01 930688                     /usr/lib/jvm/java-8-openjdk-amd64/jre/lib/ext/zipfs.jar
7f6ac41d1000-7f6ac41d5000 r--s 00037000 08:01 930687                     /usr/lib/jvm/java-8-openjdk-amd64/jre/lib/ext/sunpkcs11.jar
7f6ac41d5000-7f6ac41d6000 r--s 0000a000 08:01 930682                     /usr/lib/jvm/java-8-openjdk-amd64/jre/lib/ext/jaccess.jar
7f6ac41d6000-7f6ac41d8000 r--s 00008000 08:01 930685                     /usr/lib/jvm/java-8-openjdk-amd64/jre/lib/ext/sunec.jar
7f6ac41d8000-7f6ac41e0000 rw-s 00000000 08:01 1310742                    /tmp/hsperfdata_novabase/5170
7f6ac41e0000-7f6ac41e1000 rw-p 00000000 00:00 0 
7f6ac41e1000-7f6ac41e2000 ---p 00000000 00:00 0 
7f6ac41e2000-7f6ac41e5000 rw-p 00000000 00:00 0 
7f6ac41e5000-7f6ac41e6000 r--p 00025000 08:01 917518                     /lib/x86_64-linux-gnu/ld-2.24.so
7f6ac41e6000-7f6ac41e7000 rw-p 00026000 08:01 917518                     /lib/x86_64-linux-gnu/ld-2.24.so
7f6ac41e7000-7f6ac41e8000 rw-p 00000000 00:00 0 
7fff581eb000-7fff5820c000 rw-p 00000000 00:00 0                          [stack]
7fff582a2000-7fff582a4000 r--p 00000000 00:00 0                          [vvar]
7fff582a4000-7fff582a6000 r-xp 00000000 00:00 0                          [vdso]
ffffffffff600000-ffffffffff601000 r-xp 00000000 00:00 0                  [vsyscall]

VM Arguments:
jvm_args: -Dclassworlds.conf=/usr/share/maven/bin/m2.conf -Dmaven.home=/usr/share/maven -Dmaven.multiModuleProjectDirectory=/home/novabase/java-bank 
java_command: org.codehaus.plexus.classworlds.launcher.Launcher clean tomcat7:deploy
java_class_path (initial): /usr/share/maven/boot/plexus-classworlds-2.x.jar
Launcher Type: SUN_STANDARD

Environment Variables:
JAVA_HOME=/usr/lib/jvm/java-8-openjdk-amd64
PATH=/home/novabase/.local/share/umake/bin:/home/novabase/.local/share/umake/bin:/usr/local/sbin:/usr/local/bin:/usr/sbin:/usr/bin:/sbin:/bin:/usr/games:/usr/local/games:/snap/bin:/snap/bin
LD_LIBRARY_PATH=/home/novabase/.local/share/umake/ide/idea-ultimate/bin:
SHELL=/bin/bash
DISPLAY=:0.0

Signal Handlers:
SIGSEGV: [libjvm.so+0xa70490], sa_mask[0]=11111111011111111101111111111110, sa_flags=SA_RESTART|SA_SIGINFO
SIGBUS: [libjvm.so+0xa70490], sa_mask[0]=11111111011111111101111111111110, sa_flags=SA_RESTART|SA_SIGINFO
SIGFPE: [libjvm.so+0x8b9fc0], sa_mask[0]=11111111011111111101111111111110, sa_flags=SA_RESTART|SA_SIGINFO
SIGPIPE: [libjvm.so+0x8b9fc0], sa_mask[0]=11111111011111111101111111111110, sa_flags=SA_RESTART|SA_SIGINFO
SIGXFSZ: [libjvm.so+0x8b9fc0], sa_mask[0]=11111111011111111101111111111110, sa_flags=SA_RESTART|SA_SIGINFO
SIGILL: [libjvm.so+0x8b9fc0], sa_mask[0]=11111111011111111101111111111110, sa_flags=SA_RESTART|SA_SIGINFO
SIGUSR1: SIG_DFL, sa_mask[0]=00000000000000000000000000000000, sa_flags=none
SIGUSR2: [libjvm.so+0x8b9e70], sa_mask[0]=00100000000000000000000000000000, sa_flags=SA_RESTART|SA_SIGINFO
SIGHUP: [libjvm.so+0x8ba320], sa_mask[0]=11111111011111111101111111111110, sa_flags=SA_RESTART|SA_SIGINFO
SIGINT: [libjvm.so+0x8ba320], sa_mask[0]=11111111011111111101111111111110, sa_flags=SA_RESTART|SA_SIGINFO
SIGTERM: [libjvm.so+0x8ba320], sa_mask[0]=11111111011111111101111111111110, sa_flags=SA_RESTART|SA_SIGINFO
SIGQUIT: [libjvm.so+0x8ba320], sa_mask[0]=11111111011111111101111111111110, sa_flags=SA_RESTART|SA_SIGINFO


---------------  S Y S T E M  ---------------

OS:DISTRIB_ID=Ubuntu
DISTRIB_RELEASE=17.04
DISTRIB_CODENAME=zesty
DISTRIB_DESCRIPTION="Ubuntu 17.04"

uname:Linux 4.10.0-33-generic #37-Ubuntu SMP Fri Aug 11 10:55:28 UTC 2017 x86_64
libc:glibc 2.24 NPTL 2.24 
rlimit: STACK 8192k, CORE 0k, NPROC 11844, NOFILE 1048576, AS infinity
load average:0,95 1,16 0,95

/proc/meminfo:
MemTotal:        3077980 kB
MemFree:           77396 kB
MemAvailable:      11900 kB
Buffers:             676 kB
Cached:            49412 kB
SwapCached:         3000 kB
Active:          2306988 kB
Inactive:         579740 kB
Active(anon):    2304388 kB
Inactive(anon):   577028 kB
Active(file):       2600 kB
Inactive(file):     2712 kB
Unevictable:          32 kB
Mlocked:              32 kB
SwapTotal:       1214880 kB
SwapFree:              0 kB
Dirty:                 8 kB
Writeback:             0 kB
AnonPages:       2834780 kB
Mapped:            33964 kB
Shmem:             44648 kB
Slab:              46700 kB
SReclaimable:      22396 kB
SUnreclaim:        24304 kB
KernelStack:        6928 kB
PageTables:        30672 kB
NFS_Unstable:          0 kB
Bounce:                0 kB
WritebackTmp:          0 kB
CommitLimit:     2753868 kB
Committed_AS:    5015240 kB
VmallocTotal:   34359738367 kB
VmallocUsed:           0 kB
VmallocChunk:          0 kB
HardwareCorrupted:     0 kB
AnonHugePages:   1142784 kB
ShmemHugePages:        0 kB
ShmemPmdMapped:        0 kB
CmaTotal:              0 kB
CmaFree:               0 kB
HugePages_Total:       0
HugePages_Free:        0
HugePages_Rsvd:        0
HugePages_Surp:        0
Hugepagesize:       2048 kB
DirectMap4k:      133056 kB
DirectMap2M:     3012608 kB


CPU:total 2 (initial active 2) (2 cores per cpu, 1 threads per core) family 6 model 61 stepping 4, cmov, cx8, fxsr, mmx, sse, sse2, sse3, ssse3, sse4.1, sse4.2, popcnt, avx, aes, clmul, 3dnowpref, lzcnt, tsc, tscinvbit

/proc/cpuinfo:
processor	: 0
vendor_id	: GenuineIntel
cpu family	: 6
model		: 61
model name	: Intel(R) Core(TM) i5-5200U CPU @ 2.20GHz
stepping	: 4
cpu MHz		: 2194.922
cache size	: 3072 KB
physical id	: 0
siblings	: 2
core id		: 0
cpu cores	: 2
apicid		: 0
initial apicid	: 0
fpu		: yes
fpu_exception	: yes
cpuid level	: 20
wp		: yes
flags		: fpu vme de pse tsc msr pae mce cx8 apic sep mtrr pge mca cmov pat pse36 clflush mmx fxsr sse sse2 ht syscall nx rdtscp lm constant_tsc rep_good nopl xtopology nonstop_tsc pni pclmulqdq ssse3 cx16 sse4_1 sse4_2 x2apic movbe popcnt aes xsave avx rdrand hypervisor lahf_lm abm 3dnowprefetch rdseed
bugs		:
bogomips	: 4389.84
clflush size	: 64
cache_alignment	: 64
address sizes	: 39 bits physical, 48 bits virtual
power management:

processor	: 1
vendor_id	: GenuineIntel
cpu family	: 6
model		: 61
model name	: Intel(R) Core(TM) i5-5200U CPU @ 2.20GHz
stepping	: 4
cpu MHz		: 2194.922
cache size	: 3072 KB
physical id	: 0
siblings	: 2
core id		: 1
cpu cores	: 2
apicid		: 1
initial apicid	: 1
fpu		: yes
fpu_exception	: yes
cpuid level	: 20
wp		: yes
flags		: fpu vme de pse tsc msr pae mce cx8 apic sep mtrr pge mca cmov pat pse36 clflush mmx fxsr sse sse2 ht syscall nx rdtscp lm constant_tsc rep_good nopl xtopology nonstop_tsc pni pclmulqdq ssse3 cx16 sse4_1 sse4_2 x2apic movbe popcnt aes xsave avx rdrand hypervisor lahf_lm abm 3dnowprefetch rdseed
bugs		:
bogomips	: 4389.84
clflush size	: 64
cache_alignment	: 64
address sizes	: 39 bits physical, 48 bits virtual
power management:



Memory: 4k page, physical 3077980k(77396k free), swap 1214880k(0k free)

vm_info: OpenJDK 64-Bit Server VM (25.131-b11) for linux-amd64 JRE (1.8.0_131-8u131-b11-2ubuntu1.17.04.3-b11), built on Jul 27 2017 21:26:44 by "buildd" with gcc 6.3.0 20170406

time: Fri Oct 20 13:06:51 2017
elapsed time: 18 seconds (0d 0h 0m 18s)

