#
# There is insufficient memory for the Java Runtime Environment to continue.
# Native memory allocation (mmap) failed to map 32505856 bytes for committing reserved memory.
# Possible reasons:
#   The system is out of physical RAM or swap space
#   In 32 bit mode, the process size limit was hit
# Possible solutions:
#   Reduce memory load on the system
#   Increase physical memory or swap space
#   Check if swap backing store is full
#   Use 64 bit Java on a 64 bit OS
#   Decrease Java heap size (-Xmx/-Xms)
#   Decrease number of Java threads
#   Decrease Java thread stack sizes (-Xss)
#   Set larger code cache with -XX:ReservedCodeCacheSize=
# This output file may be truncated or incomplete.
#
#  Out of Memory Error (os_linux.cpp:2643), pid=28167, tid=0x00007f4a17cfc700
#
# JRE version: OpenJDK Runtime Environment (8.0_131-b11) (build 1.8.0_131-8u131-b11-2ubuntu1.17.04.3-b11)
# Java VM: OpenJDK 64-Bit Server VM (25.131-b11 mixed mode linux-amd64 compressed oops)
# Failed to write core dump. Core dumps have been disabled. To enable core dumping, try "ulimit -c unlimited" before starting Java again
#

---------------  T H R E A D  ---------------

Current thread (0x00007f4a2c0fa800):  VMThread [stack: 0x00007f4a17bfc000,0x00007f4a17cfd000] [id=28171]

Stack: [0x00007f4a17bfc000,0x00007f4a17cfd000],  sp=0x00007f4a17cfb4d0,  free space=1021k
Native frames: (J=compiled Java code, j=interpreted, Vv=VM code, C=native code)
V  [libjvm.so+0xa6fa00]  VMError::report_and_die()+0x160
V  [libjvm.so+0x4c7bdc]  report_vm_out_of_memory(char const*, int, unsigned long, VMErrorType, char const*)+0xac
V  [libjvm.so+0x8be7a0]  os::pd_commit_memory(char*, unsigned long, unsigned long, bool)+0xf0
V  [libjvm.so+0x8b8e2e]  os::commit_memory(char*, unsigned long, unsigned long, bool)+0x2e
V  [libjvm.so+0x93395e]  PSVirtualSpace::expand_by(unsigned long)+0x4e
V  [libjvm.so+0x934ce3]  PSYoungGen::resize(unsigned long, unsigned long)+0x103
V  [libjvm.so+0x931333]  PSScavenge::invoke_no_policy()+0x1503
V  [libjvm.so+0x9315dc]  PSScavenge::invoke()+0x4c
V  [libjvm.so+0x8e2f53]  ParallelScavengeHeap::failed_mem_allocate(unsigned long)+0x63
V  [libjvm.so+0xa71672]  VM_ParallelGCFailedAllocation::doit()+0x92
V  [libjvm.so+0xa767e7]  VM_Operation::evaluate()+0x47
V  [libjvm.so+0xa73f77]  VMThread::evaluate_operation(VM_Operation*) [clone .constprop.30]+0xe7
V  [libjvm.so+0xa753f6]  VMThread::loop()+0x246
V  [libjvm.so+0xa758f1]  VMThread::run()+0x81
V  [libjvm.so+0x8bbd32]  java_start(Thread*)+0xf2

VM_Operation (0x00007f4a35905090): ParallelGCFailedAllocation, mode: safepoint, requested by thread 0x00007f4a2c00a000


---------------  P R O C E S S  ---------------

Java Threads: ( => current thread )
  0x00007f4a2c137000 JavaThread "Service Thread" daemon [_thread_blocked, id=28177, stack(0x00007f4a1731a000,0x00007f4a1741b000)]
  0x00007f4a2c134000 JavaThread "C1 CompilerThread1" daemon [_thread_blocked, id=28176, stack(0x00007f4a1741b000,0x00007f4a1751c000)]
  0x00007f4a2c131800 JavaThread "C2 CompilerThread0" daemon [_thread_blocked, id=28175, stack(0x00007f4a1751c000,0x00007f4a1761d000)]
  0x00007f4a2c12f000 JavaThread "Signal Dispatcher" daemon [_thread_blocked, id=28174, stack(0x00007f4a1761d000,0x00007f4a1771e000)]
  0x00007f4a2c106800 JavaThread "Finalizer" daemon [_thread_blocked, id=28173, stack(0x00007f4a179fa000,0x00007f4a17afb000)]
  0x00007f4a2c102000 JavaThread "Reference Handler" daemon [_thread_blocked, id=28172, stack(0x00007f4a17afb000,0x00007f4a17bfc000)]
  0x00007f4a2c00a000 JavaThread "main" [_thread_blocked, id=28168, stack(0x00007f4a35808000,0x00007f4a35909000)]

Other Threads:
=>0x00007f4a2c0fa800 VMThread [stack: 0x00007f4a17bfc000,0x00007f4a17cfd000] [id=28171]
  0x00007f4a2c13d800 WatcherThread [stack: 0x00007f4a17219000,0x00007f4a1731a000] [id=28178]

VM state:at safepoint (normal execution)

VM Mutex/Monitor currently owned by a thread:  ([mutex/lock_event])
[0x00007f4a2c006290] Threads_lock - owner thread: 0x00007f4a2c0fa800
[0x00007f4a2c006790] Heap_lock - owner thread: 0x00007f4a2c00a000

Heap:
 PSYoungGen      total 26624K, used 2032K [0x00000000f0580000, 0x00000000f2180000, 0x0000000100000000)
  eden space 24576K, 0% used [0x00000000f0580000,0x00000000f0580000,0x00000000f1d80000)
  from space 2048K, 99% used [0x00000000f1d80000,0x00000000f1f7c040,0x00000000f1f80000)
  to   space 2048K, 0% used [0x00000000f1f80000,0x00000000f1f80000,0x00000000f2180000)
 ParOldGen       total 32768K, used 5978K [0x00000000d1000000, 0x00000000d3000000, 0x00000000f0580000)
  object space 32768K, 18% used [0x00000000d1000000,0x00000000d15d6b28,0x00000000d3000000)
 Metaspace       used 15393K, capacity 15676K, committed 16000K, reserved 1062912K
  class space    used 2055K, capacity 2100K, committed 2176K, reserved 1048576K

Card table byte_map: [0x00007f4a31d32000,0x00007f4a31eab000] byte_map_base: 0x00007f4a316aa000

Marking Bits: (ParMarkBitMap*) 0x00007f4a34acd2c0
 Begin Bits: [0x00007f4a302b5000, 0x00007f4a30e75000)
 End Bits:   [0x00007f4a30e75000, 0x00007f4a31a35000)

Polling page: 0x00007f4a3591f000

CodeCache: size=245760Kb used=5147Kb max_used=5147Kb free=240612Kb
 bounds [0x00007f4a1d000000, 0x00007f4a1d510000, 0x00007f4a2c000000]
 total_blobs=1842 nmethods=1514 adapters=242
 compilation: enabled

Compilation events (10 events):
Event: 3,892 Thread 0x00007f4a2c134000 1511       3       com.sun.org.apache.xerces.internal.util.NamespaceSupport::getAllPrefixes (125 bytes)
Event: 3,892 Thread 0x00007f4a2c134000 nmethod 1511 0x00007f4a1d5015d0 code [0x00007f4a1d501780, 0x00007f4a1d501ed0]
Event: 3,892 Thread 0x00007f4a2c131800 1512       4       com.sun.org.apache.xerces.internal.impl.XMLEntityScanner::scanQName (502 bytes)
Event: 3,892 Thread 0x00007f4a2c134000 1508       3       com.sun.org.apache.xerces.internal.xni.QName::<init> (9 bytes)
Event: 3,893 Thread 0x00007f4a2c134000 nmethod 1508 0x00007f4a1d5010d0 code [0x00007f4a1d501240, 0x00007f4a1d501510]
Event: 3,893 Thread 0x00007f4a2c134000 1513       3       com.sun.org.apache.xerces.internal.impl.XMLDocumentFragmentScannerImpl$FragmentContentDriver::startOfMarkup (272 bytes)
Event: 3,894 Thread 0x00007f4a2c134000 nmethod 1513 0x00007f4a1d507c90 code [0x00007f4a1d507f80, 0x00007f4a1d509348]
Event: 3,894 Thread 0x00007f4a2c134000 1515       3       com.sun.org.apache.xerces.internal.impl.XMLDocumentFragmentScannerImpl::scanCDATASection (133 bytes)
Event: 3,895 Thread 0x00007f4a2c134000 nmethod 1515 0x00007f4a1d4fd710 code [0x00007f4a1d4fd940, 0x00007f4a1d4fe5c8]
Event: 3,896 Thread 0x00007f4a2c134000 1516       3       com.sun.org.apache.xerces.internal.impl.XMLDocumentFragmentScannerImpl::getString (76 bytes)

GC Heap History (9 events):
Event: 1,241 GC heap before
{Heap before GC invocations=1 (full 0):
 PSYoungGen      total 14336K, used 12288K [0x00000000f0580000, 0x00000000f1580000, 0x0000000100000000)
  eden space 12288K, 100% used [0x00000000f0580000,0x00000000f1180000,0x00000000f1180000)
  from space 2048K, 0% used [0x00000000f1380000,0x00000000f1380000,0x00000000f1580000)
  to   space 2048K, 0% used [0x00000000f1180000,0x00000000f1180000,0x00000000f1380000)
 ParOldGen       total 32768K, used 0K [0x00000000d1000000, 0x00000000d3000000, 0x00000000f0580000)
  object space 32768K, 0% used [0x00000000d1000000,0x00000000d1000000,0x00000000d3000000)
 Metaspace       used 5425K, capacity 5880K, committed 6144K, reserved 1056768K
  class space    used 649K, capacity 662K, committed 768K, reserved 1048576K
Event: 1,244 GC heap after
Heap after GC invocations=1 (full 0):
 PSYoungGen      total 14336K, used 2033K [0x00000000f0580000, 0x00000000f1580000, 0x0000000100000000)
  eden space 12288K, 0% used [0x00000000f0580000,0x00000000f0580000,0x00000000f1180000)
  from space 2048K, 99% used [0x00000000f1180000,0x00000000f137c5d0,0x00000000f1380000)
  to   space 2048K, 0% used [0x00000000f1380000,0x00000000f1380000,0x00000000f1580000)
 ParOldGen       total 32768K, used 259K [0x00000000d1000000, 0x00000000d3000000, 0x00000000f0580000)
  object space 32768K, 0% used [0x00000000d1000000,0x00000000d1040c50,0x00000000d3000000)
 Metaspace       used 5425K, capacity 5880K, committed 6144K, reserved 1056768K
  class space    used 649K, capacity 662K, committed 768K, reserved 1048576K
}
Event: 1,674 GC heap before
{Heap before GC invocations=2 (full 0):
 PSYoungGen      total 14336K, used 14321K [0x00000000f0580000, 0x00000000f1580000, 0x0000000100000000)
  eden space 12288K, 100% used [0x00000000f0580000,0x00000000f1180000,0x00000000f1180000)
  from space 2048K, 99% used [0x00000000f1180000,0x00000000f137c5d0,0x00000000f1380000)
  to   space 2048K, 0% used [0x00000000f1380000,0x00000000f1380000,0x00000000f1580000)
 ParOldGen       total 32768K, used 259K [0x00000000d1000000, 0x00000000d3000000, 0x00000000f0580000)
  object space 32768K, 0% used [0x00000000d1000000,0x00000000d1040c50,0x00000000d3000000)
 Metaspace       used 6871K, capacity 7254K, committed 7424K, reserved 1056768K
  class space    used 951K, capacity 987K, committed 1024K, reserved 1048576K
Event: 1,695 GC heap after
Heap after GC invocations=2 (full 0):
 PSYoungGen      total 14336K, used 2032K [0x00000000f0580000, 0x00000000f2180000, 0x0000000100000000)
  eden space 12288K, 0% used [0x00000000f0580000,0x00000000f0580000,0x00000000f1180000)
  from space 2048K, 99% used [0x00000000f1380000,0x00000000f157c010,0x00000000f1580000)
  to   space 2048K, 0% used [0x00000000f1180000,0x00000000f1180000,0x00000000f1380000)
 ParOldGen       total 32768K, used 930K [0x00000000d1000000, 0x00000000d3000000, 0x00000000f0580000)
  object space 32768K, 2% used [0x00000000d1000000,0x00000000d10e8b10,0x00000000d3000000)
 Metaspace       used 6871K, capacity 7254K, committed 7424K, reserved 1056768K
  class space    used 951K, capacity 987K, committed 1024K, reserved 1048576K
}
Event: 1,957 GC heap before
{Heap before GC invocations=3 (full 0):
 PSYoungGen      total 14336K, used 14320K [0x00000000f0580000, 0x00000000f2180000, 0x0000000100000000)
  eden space 12288K, 100% used [0x00000000f0580000,0x00000000f1180000,0x00000000f1180000)
  from space 2048K, 99% used [0x00000000f1380000,0x00000000f157c010,0x00000000f1580000)
  to   space 2048K, 0% used [0x00000000f1180000,0x00000000f1180000,0x00000000f1380000)
 ParOldGen       total 32768K, used 930K [0x00000000d1000000, 0x00000000d3000000, 0x00000000f0580000)
  object space 32768K, 2% used [0x00000000d1000000,0x00000000d10e8b10,0x00000000d3000000)
 Metaspace       used 8473K, capacity 8762K, committed 9088K, reserved 1056768K
  class space    used 1261K, capacity 1313K, committed 1408K, reserved 1048576K
Event: 1,963 GC heap after
Heap after GC invocations=3 (full 0):
 PSYoungGen      total 14336K, used 2048K [0x00000000f0580000, 0x00000000f2180000, 0x0000000100000000)
  eden space 12288K, 0% used [0x00000000f0580000,0x00000000f0580000,0x00000000f1180000)
  from space 2048K, 100% used [0x00000000f1180000,0x00000000f1380000,0x00000000f1380000)
  to   space 2048K, 0% used [0x00000000f1f80000,0x00000000f1f80000,0x00000000f2180000)
 ParOldGen       total 32768K, used 1879K [0x00000000d1000000, 0x00000000d3000000, 0x00000000f0580000)
  object space 32768K, 5% used [0x00000000d1000000,0x00000000d11d5f88,0x00000000d3000000)
 Metaspace       used 8473K, capacity 8762K, committed 9088K, reserved 1056768K
  class space    used 1261K, capacity 1313K, committed 1408K, reserved 1048576K
}
Event: 2,465 GC heap before
{Heap before GC invocations=4 (full 0):
 PSYoungGen      total 14336K, used 14336K [0x00000000f0580000, 0x00000000f2180000, 0x0000000100000000)
  eden space 12288K, 100% used [0x00000000f0580000,0x00000000f1180000,0x00000000f1180000)
  from space 2048K, 100% used [0x00000000f1180000,0x00000000f1380000,0x00000000f1380000)
  to   space 2048K, 0% used [0x00000000f1f80000,0x00000000f1f80000,0x00000000f2180000)
 ParOldGen       total 32768K, used 1879K [0x00000000d1000000, 0x00000000d3000000, 0x00000000f0580000)
  object space 32768K, 5% used [0x00000000d1000000,0x00000000d11d5f88,0x00000000d3000000)
 Metaspace       used 9453K, capacity 9648K, committed 9728K, reserved 1056768K
  class space    used 1403K, capacity 1458K, committed 1536K, reserved 1048576K
Event: 2,473 GC heap after
Heap after GC invocations=4 (full 0):
 PSYoungGen      total 26624K, used 2020K [0x00000000f0580000, 0x00000000f2180000, 0x0000000100000000)
  eden space 24576K, 0% used [0x00000000f0580000,0x00000000f0580000,0x00000000f1d80000)
  from space 2048K, 98% used [0x00000000f1f80000,0x00000000f2179038,0x00000000f2180000)
  to   space 2048K, 0% used [0x00000000f1d80000,0x00000000f1d80000,0x00000000f1f80000)
 ParOldGen       total 32768K, used 2076K [0x00000000d1000000, 0x00000000d3000000, 0x00000000f0580000)
  object space 32768K, 6% used [0x00000000d1000000,0x00000000d12073b8,0x00000000d3000000)
 Metaspace       used 9453K, capacity 9648K, committed 9728K, reserved 1056768K
  class space    used 1403K, capacity 1458K, committed 1536K, reserved 1048576K
}
Event: 3,899 GC heap before
{Heap before GC invocations=5 (full 0):
 PSYoungGen      total 26624K, used 26596K [0x00000000f0580000, 0x00000000f2180000, 0x0000000100000000)
  eden space 24576K, 100% used [0x00000000f0580000,0x00000000f1d80000,0x00000000f1d80000)
  from space 2048K, 98% used [0x00000000f1f80000,0x00000000f2179038,0x00000000f2180000)
  to   space 2048K, 0% used [0x00000000f1d80000,0x00000000f1d80000,0x00000000f1f80000)
 ParOldGen       total 32768K, used 2076K [0x00000000d1000000, 0x00000000d3000000, 0x00000000f0580000)
  object space 32768K, 6% used [0x00000000d1000000,0x00000000d12073b8,0x00000000d3000000)
 Metaspace       used 15393K, capacity 15676K, committed 16000K, reserved 1062912K
  class space    used 2055K, capacity 2100K, committed 2176K, reserved 1048576K

Deoptimization events (10 events):
Event: 3,325 Thread 0x00007f4a2c00a000 Uncommon trap: reason=class_check action=maybe_recompile pc=0x00007f4a1d34545c method=java.util.regex.Pattern$Branch.match(Ljava/util/regex/Matcher;ILjava/lang/CharSequence;)Z @ 50
Event: 3,325 Thread 0x00007f4a2c00a000 Uncommon trap: reason=class_check action=maybe_recompile pc=0x00007f4a1d34545c method=java.util.regex.Pattern$Branch.match(Ljava/util/regex/Matcher;ILjava/lang/CharSequence;)Z @ 50
Event: 3,325 Thread 0x00007f4a2c00a000 Uncommon trap: reason=class_check action=maybe_recompile pc=0x00007f4a1d34545c method=java.util.regex.Pattern$Branch.match(Ljava/util/regex/Matcher;ILjava/lang/CharSequence;)Z @ 50
Event: 3,451 Thread 0x00007f4a2c00a000 Uncommon trap: reason=bimorphic action=maybe_recompile pc=0x00007f4a1d391244 method=java.util.HashMap.putVal(ILjava/lang/Object;Ljava/lang/Object;ZZ)Ljava/lang/Object; @ 253
Event: 3,527 Thread 0x00007f4a2c00a000 Uncommon trap: reason=bimorphic action=maybe_recompile pc=0x00007f4a1d391244 method=java.util.HashMap.putVal(ILjava/lang/Object;Ljava/lang/Object;ZZ)Ljava/lang/Object; @ 253
Event: 3,527 Thread 0x00007f4a2c00a000 Uncommon trap: reason=bimorphic action=maybe_recompile pc=0x00007f4a1d391244 method=java.util.HashMap.putVal(ILjava/lang/Object;Ljava/lang/Object;ZZ)Ljava/lang/Object; @ 253
Event: 3,529 Thread 0x00007f4a2c00a000 Uncommon trap: reason=bimorphic action=maybe_recompile pc=0x00007f4a1d391244 method=java.util.HashMap.putVal(ILjava/lang/Object;Ljava/lang/Object;ZZ)Ljava/lang/Object; @ 253
Event: 3,556 Thread 0x00007f4a2c00a000 Uncommon trap: reason=bimorphic action=maybe_recompile pc=0x00007f4a1d2d1070 method=java.util.HashMap.putVal(ILjava/lang/Object;Ljava/lang/Object;ZZ)Ljava/lang/Object; @ 253
Event: 3,641 Thread 0x00007f4a2c00a000 Uncommon trap: reason=unstable_if action=reinterpret pc=0x00007f4a1d17f74c method=java.lang.String.replace(CC)Ljava/lang/String; @ 26
Event: 3,884 Thread 0x00007f4a2c00a000 Uncommon trap: reason=unstable_if action=reinterpret pc=0x00007f4a1d325af0 method=java.lang.String.indexOf([CII[CIII)I @ 3

Internal exceptions (10 events):
Event: 1,014 Thread 0x00007f4a2c00a000 Exception <a 'java/security/PrivilegedActionException'> (0x00000000f0c618d0) thrown at [/build/openjdk-8-ugc2Ph/openjdk-8-8u131-b11/src/hotspot/src/share/vm/prims/jvm.cpp, line 1390]
Event: 1,744 Thread 0x00007f4a2c00a000 Exception <a 'java/lang/ArrayIndexOutOfBoundsException': 18> (0x00000000f0726508) thrown at [/build/openjdk-8-ugc2Ph/openjdk-8-8u131-b11/src/hotspot/src/share/vm/interpreter/interpreterRuntime.cpp, line 366]
Event: 1,756 Thread 0x00007f4a2c00a000 Exception <a 'java/lang/ArrayIndexOutOfBoundsException': 22> (0x00000000f07c6798) thrown at [/build/openjdk-8-ugc2Ph/openjdk-8-8u131-b11/src/hotspot/src/share/vm/interpreter/interpreterRuntime.cpp, line 366]
Event: 2,033 Thread 0x00007f4a2c00a000 Exception <a 'java/lang/reflect/InvocationTargetException'> (0x00000000f0828ea8) thrown at [/build/openjdk-8-ugc2Ph/openjdk-8-8u131-b11/src/hotspot/src/share/vm/runtime/reflection.cpp, line 1092]
Event: 2,275 Thread 0x00007f4a2c00a000 Exception <a 'java/lang/reflect/InvocationTargetException'> (0x00000000f0decf70) thrown at [/build/openjdk-8-ugc2Ph/openjdk-8-8u131-b11/src/hotspot/src/share/vm/runtime/reflection.cpp, line 1092]
Event: 2,296 Thread 0x00007f4a2c00a000 Exception <a 'java/lang/reflect/InvocationTargetException'> (0x00000000f0e0a610) thrown at [/build/openjdk-8-ugc2Ph/openjdk-8-8u131-b11/src/hotspot/src/share/vm/runtime/reflection.cpp, line 1092]
Event: 2,298 Thread 0x00007f4a2c00a000 Exception <a 'java/lang/reflect/InvocationTargetException'> (0x00000000f0e14260) thrown at [/build/openjdk-8-ugc2Ph/openjdk-8-8u131-b11/src/hotspot/src/share/vm/runtime/reflection.cpp, line 1092]
Event: 2,386 Thread 0x00007f4a2c00a000 Exception <a 'java/lang/reflect/InvocationTargetException'> (0x00000000f0faf2f8) thrown at [/build/openjdk-8-ugc2Ph/openjdk-8-8u131-b11/src/hotspot/src/share/vm/runtime/reflection.cpp, line 1092]
Event: 2,389 Thread 0x00007f4a2c00a000 Exception <a 'java/lang/reflect/InvocationTargetException'> (0x00000000f0fbebc0) thrown at [/build/openjdk-8-ugc2Ph/openjdk-8-8u131-b11/src/hotspot/src/share/vm/runtime/reflection.cpp, line 1092]
Event: 2,514 Thread 0x00007f4a2c00a000 Exception <a 'java/lang/NoClassDefFoundError': org/apache/log4j/Priority> (0x00000000f0626ee0) thrown at [/build/openjdk-8-ugc2Ph/openjdk-8-8u131-b11/src/hotspot/src/share/vm/classfile/systemDictionary.cpp, line 199]

Events (10 events):
Event: 3,853 loading class org/springframework/beans/factory/SmartInitializingSingleton
Event: 3,853 loading class org/springframework/beans/factory/SmartInitializingSingleton done
Event: 3,854 loading class org/springframework/context/event/DefaultEventListenerFactory
Event: 3,854 loading class org/springframework/context/event/DefaultEventListenerFactory done
Event: 3,855 loading class org/springframework/context/event/EventListenerFactory
Event: 3,855 loading class org/springframework/context/event/EventListenerFactory done
Event: 3,882 Thread 0x00007f4a2c00a000 Uncommon trap: trap_request=0xffffff65 fr.pc=0x00007f4a1d325af0
Event: 3,884 Thread 0x00007f4a2c00a000 DEOPT PACKING pc=0x00007f4a1d325af0 sp=0x00007f4a35905e90
Event: 3,884 Thread 0x00007f4a2c00a000 DEOPT UNPACKING pc=0x00007f4a1d004f69 sp=0x00007f4a35905d40 mode 2
Event: 3,899 Executing VM operation: ParallelGCFailedAllocation


Dynamic libraries:
d1000000-d3000000 rw-p 00000000 00:00 0 
d3000000-f0580000 ---p 00000000 00:00 0 
f0580000-f2180000 rw-p 00000000 00:00 0 
f4080000-100000000 ---p 00000000 00:00 0 
100000000-100220000 rw-p 00000000 00:00 0 
100220000-140000000 ---p 00000000 00:00 0 
560a273be000-560a273bf000 r-xp 00000000 08:01 662676                     /usr/lib/jvm/java-8-openjdk-amd64/jre/bin/java
560a275be000-560a275bf000 r--p 00000000 08:01 662676                     /usr/lib/jvm/java-8-openjdk-amd64/jre/bin/java
560a275bf000-560a275c0000 rw-p 00001000 08:01 662676                     /usr/lib/jvm/java-8-openjdk-amd64/jre/bin/java
560a28ba3000-560a28bc4000 rw-p 00000000 00:00 0                          [heap]
7f49ec000000-7f49ec021000 rw-p 00000000 00:00 0 
7f49ec021000-7f49f0000000 ---p 00000000 00:00 0 
7f49f4000000-7f49f4578000 rw-p 00000000 00:00 0 
7f49f4578000-7f49f8000000 ---p 00000000 00:00 0 
7f49f8000000-7f49f8021000 rw-p 00000000 00:00 0 
7f49f8021000-7f49fc000000 ---p 00000000 00:00 0 
7f49fc000000-7f49fc021000 rw-p 00000000 00:00 0 
7f49fc021000-7f4a00000000 ---p 00000000 00:00 0 
7f4a00000000-7f4a005b5000 rw-p 00000000 00:00 0 
7f4a005b5000-7f4a04000000 ---p 00000000 00:00 0 
7f4a04000000-7f4a04021000 rw-p 00000000 00:00 0 
7f4a04021000-7f4a08000000 ---p 00000000 00:00 0 
7f4a08000000-7f4a08021000 rw-p 00000000 00:00 0 
7f4a08021000-7f4a0c000000 ---p 00000000 00:00 0 
7f4a0c000000-7f4a0c277000 rw-p 00000000 00:00 0 
7f4a0c277000-7f4a10000000 ---p 00000000 00:00 0 
7f4a10000000-7f4a10021000 rw-p 00000000 00:00 0 
7f4a10021000-7f4a14000000 ---p 00000000 00:00 0 
7f4a16ab4000-7f4a16c34000 rw-p 00000000 00:00 0 
7f4a16c34000-7f4a16cb4000 ---p 00000000 00:00 0 
7f4a16cb4000-7f4a16cc7000 r--s 00346000 08:01 792818                     /usr/lib/jvm/java-8-openjdk-amd64/jre/lib/resources.jar
7f4a16cc7000-7f4a16ec7000 rw-p 00000000 00:00 0 
7f4a16ec7000-7f4a170c7000 rw-p 00000000 00:00 0 
7f4a170c7000-7f4a170c9000 r--s 0000e000 08:01 1460742                    /home/novabase/.m2/repository/org/apache/maven/surefire/surefire-junit4/2.17/surefire-junit4-2.17.jar
7f4a170c9000-7f4a170cd000 r--s 00041000 08:01 669265                     /home/novabase/.m2/repository/com/fasterxml/jackson/core/jackson-core/2.8.0/jackson-core-2.8.0.jar
7f4a170cd000-7f4a170d0000 r--s 0000b000 08:01 669267                     /home/novabase/.m2/repository/com/fasterxml/jackson/core/jackson-annotations/2.8.0/jackson-annotations-2.8.0.jar
7f4a170d0000-7f4a170e2000 r--s 0011b000 08:01 669263                     /home/novabase/.m2/repository/com/fasterxml/jackson/core/jackson-databind/2.8.0/jackson-databind-2.8.0.jar
7f4a170e2000-7f4a170e5000 r--s 00015000 08:01 536684                     /home/novabase/.m2/repository/javax/servlet/javax.servlet-api/3.1.0/javax.servlet-api-3.1.0.jar
7f4a170e5000-7f4a170ef000 r--s 000eb000 08:01 146120                     /home/novabase/.m2/repository/mysql/mysql-connector-java/5.1.44/mysql-connector-java-5.1.44.jar
7f4a170ef000-7f4a170fe000 r--s 001ae000 08:01 665760                     /home/novabase/.m2/repository/com/h2database/h2/1.4.196/h2-1.4.196.jar
7f4a170fe000-7f4a17103000 r--s 00017000 08:01 146098                     /home/novabase/.m2/repository/org/hibernate/javax/persistence/hibernate-jpa-2.1-api/1.0.0.Final/hibernate-jpa-2.1-api-1.0.0.Final.jar
7f4a17103000-7f4a17108000 r--s 00012000 08:01 150572                     /home/novabase/.m2/repository/javax/validation/validation-api/2.0.0.Final/validation-api-2.0.0.Final.jar
7f4a17108000-7f4a17123000 r--s 000e7000 08:01 150570                     /home/novabase/.m2/repository/org/hibernate/validator/hibernate-validator/6.0.2.Final/hibernate-validator-6.0.2.Final.jar
7f4a17123000-7f4a17133000 r--s 00085000 08:01 665796                     /home/novabase/.m2/repository/com/mchange/mchange-commons-java/0.2.11/mchange-commons-java-0.2.11.jar
7f4a17133000-7f4a1713a000 r--s 00073000 08:01 665794                     /home/novabase/.m2/repository/com/mchange/c3p0/0.9.5.2/c3p0-0.9.5.2.jar
7f4a1713a000-7f4a1713b000 r--s 00002000 08:01 297393                     /home/novabase/.m2/repository/org/hibernate/hibernate-c3p0/5.2.11.Final/hibernate-c3p0-5.2.11.Final.jar
7f4a1713b000-7f4a1713e000 r--s 00010000 08:01 146095                     /home/novabase/.m2/repository/org/hibernate/common/hibernate-commons-annotations/5.0.1.Final/hibernate-commons-annotations-5.0.1.Final.jar
7f4a1713e000-7f4a17143000 r--s 00048000 08:01 146092                     /home/novabase/.m2/repository/dom4j/dom4j/1.6.1/dom4j-1.6.1.jar
7f4a17143000-7f4a17145000 r--s 0000e000 08:01 665758                     /home/novabase/.m2/repository/com/fasterxml/classmate/1.3.0/classmate-1.3.0.jar
7f4a17145000-7f4a17148000 r--s 0002b000 08:01 146090                     /home/novabase/.m2/repository/org/jboss/jandex/2.0.3.Final/jandex-2.0.3.Final.jar
7f4a17148000-7f4a1714d000 r--s 00068000 08:01 146084                     /home/novabase/.m2/repository/antlr/antlr/2.7.7/antlr-2.7.7.jar
7f4a1714d000-7f4a17157000 r--s 000ae000 08:01 146086                     /home/novabase/.m2/repository/org/javassist/javassist/3.20.0-GA/javassist-3.20.0-GA.jar
7f4a17157000-7f4a17159000 r--s 0000f000 08:01 146097                     /home/novabase/.m2/repository/org/jboss/logging/jboss-logging/3.3.0.Final/jboss-logging-3.3.0.Final.jar
7f4a17159000-7f4a171d5000 r--s 005da000 08:01 146078                     /home/novabase/.m2/repository/org/hibernate/hibernate-core/5.2.11.Final/hibernate-core-5.2.11.Final.jar
7f4a171d5000-7f4a171d8000 r--s 00026000 08:01 422187                     /home/novabase/.m2/repository/org/unbescape/unbescape/1.1.5.RELEASE/unbescape-1.1.5.RELEASE.jar
7f4a171d8000-7f4a171dc000 r--s 00035000 08:01 1461293                    /home/novabase/.m2/repository/org/attoparser/attoparser/2.0.4.RELEASE/attoparser-2.0.4.RELEASE.jar
7f4a171dc000-7f4a171ec000 r--s 000c4000 08:01 1461291                    /home/novabase/.m2/repository/org/thymeleaf/thymeleaf/3.0.8.RELEASE/thymeleaf-3.0.8.RELEASE.jar
7f4a171ec000-7f4a171f4000 r--s 0003a000 08:01 143811                     /home/novabase/.m2/repository/org/springframework/spring-tx/4.3.11.RELEASE/spring-tx-4.3.11.RELEASE.jar
7f4a171f4000-7f4a171fe000 r--s 0005f000 08:01 143812                     /home/novabase/.m2/repository/org/springframework/spring-jdbc/4.3.11.RELEASE/spring-jdbc-4.3.11.RELEASE.jar
7f4a171fe000-7f4a17208000 r--s 0006b000 08:01 143808                     /home/novabase/.m2/repository/org/springframework/spring-orm/4.3.11.RELEASE/spring-orm-4.3.11.RELEASE.jar
7f4a17208000-7f4a17219000 r--s 000b8000 08:01 666072                     /home/novabase/.m2/repository/org/springframework/spring-web/4.3.11.RELEASE/spring-web-4.3.11.RELEASE.jar
7f4a17219000-7f4a1721a000 ---p 00000000 00:00 0 
7f4a1721a000-7f4a1731a000 rw-p 00000000 00:00 0 
7f4a1731a000-7f4a1731d000 ---p 00000000 00:00 0 
7f4a1731d000-7f4a1741b000 rw-p 00000000 00:00 0 
7f4a1741b000-7f4a1741e000 ---p 00000000 00:00 0 
7f4a1741e000-7f4a1751c000 rw-p 00000000 00:00 0 
7f4a1751c000-7f4a1751f000 ---p 00000000 00:00 0 
7f4a1751f000-7f4a1761d000 rw-p 00000000 00:00 0 
7f4a1761d000-7f4a17620000 ---p 00000000 00:00 0 
7f4a17620000-7f4a1771e000 rw-p 00000000 00:00 0 
7f4a1771e000-7f4a179fa000 r--p 00000000 08:01 1184976                    /usr/lib/locale/locale-archive
7f4a179fa000-7f4a179fd000 ---p 00000000 00:00 0 
7f4a179fd000-7f4a17afb000 rw-p 00000000 00:00 0 
7f4a17afb000-7f4a17afe000 ---p 00000000 00:00 0 
7f4a17afe000-7f4a17bfc000 rw-p 00000000 00:00 0 
7f4a17bfc000-7f4a17bfd000 ---p 00000000 00:00 0 
7f4a17bfd000-7f4a18000000 rw-p 00000000 00:00 0 
7f4a18000000-7f4a18021000 rw-p 00000000 00:00 0 
7f4a18021000-7f4a1c000000 ---p 00000000 00:00 0 
7f4a1c000000-7f4a1c002000 r--s 00009000 08:01 422191                     /home/novabase/.m2/repository/org/slf4j/slf4j-api/1.7.25/slf4j-api-1.7.25.jar
7f4a1c002000-7f4a1c005000 r--s 0001b000 08:01 1461289                    /home/novabase/.m2/repository/org/thymeleaf/thymeleaf-spring4/3.0.8.RELEASE/thymeleaf-spring4-3.0.8.RELEASE.jar
7f4a1c005000-7f4a1c01e000 r--s 000fe000 08:01 143782                     /home/novabase/.m2/repository/org/springframework/spring-context/4.3.11.RELEASE/spring-context-4.3.11.RELEASE.jar
7f4a1c01e000-7f4a1c02c000 r--s 000ad000 08:01 143788                     /home/novabase/.m2/repository/org/springframework/spring-beans/4.3.11.RELEASE/spring-beans-4.3.11.RELEASE.jar
7f4a1c02c000-7f4a1c632000 rw-p 00000000 00:00 0 
7f4a1c632000-7f4a1c800000 r--s 03c13000 08:01 792819                     /usr/lib/jvm/java-8-openjdk-amd64/jre/lib/rt.jar
7f4a1c800000-7f4a1d000000 rw-p 00000000 00:00 0 
7f4a1d000000-7f4a1d510000 rwxp 00000000 00:00 0 
7f4a1d510000-7f4a2c000000 ---p 00000000 00:00 0 
7f4a2c000000-7f4a2c817000 rw-p 00000000 00:00 0 
7f4a2c817000-7f4a30000000 ---p 00000000 00:00 0 
7f4a30000000-7f4a30001000 r--s 00006000 08:01 146088                     /home/novabase/.m2/repository/org/jboss/spec/javax/transaction/jboss-transaction-api_1.2_spec/1.0.1.Final/jboss-transaction-api_1.2_spec-1.0.1.Final.jar
7f4a30001000-7f4a30006000 r--s 0003c000 08:01 143795                     /home/novabase/.m2/repository/org/springframework/spring-expression/4.3.11.RELEASE/spring-expression-4.3.11.RELEASE.jar
7f4a30006000-7f4a3000f000 r--s 00054000 08:01 143784                     /home/novabase/.m2/repository/org/springframework/spring-aop/4.3.11.RELEASE/spring-aop-4.3.11.RELEASE.jar
7f4a3000f000-7f4a30020000 r--s 000cf000 08:01 666070                     /home/novabase/.m2/repository/org/springframework/spring-webmvc/4.3.11.RELEASE/spring-webmvc-4.3.11.RELEASE.jar
7f4a30020000-7f4a30022000 r--s 0000e000 08:01 143793                     /home/novabase/.m2/repository/commons-logging/commons-logging/1.2/commons-logging-1.2.jar
7f4a30022000-7f4a30039000 r--s 000fc000 08:01 143790                     /home/novabase/.m2/repository/org/springframework/spring-core/4.3.11.RELEASE/spring-core-4.3.11.RELEASE.jar
7f4a30039000-7f4a30047000 r--s 00085000 08:01 935301                     /home/novabase/.m2/repository/org/springframework/spring-test/4.3.11.RELEASE/spring-test-4.3.11.RELEASE.jar
7f4a30047000-7f4a30048000 r--s 0000c000 08:01 935299                     /home/novabase/.m2/repository/org/hamcrest/hamcrest-library/1.3/hamcrest-library-1.3.jar
7f4a30048000-7f4a3004a000 r--s 00009000 08:01 1180810                    /home/novabase/.m2/repository/org/hamcrest/hamcrest-core/1.3/hamcrest-core-1.3.jar
7f4a3004a000-7f4a3004c000 r--s 0000c000 08:01 143434                     /home/novabase/.m2/repository/org/objenesis/objenesis/2.6/objenesis-2.6.jar
7f4a3004c000-7f4a3004e000 r--s 00009000 08:01 143432                     /home/novabase/.m2/repository/net/bytebuddy/byte-buddy-agent/1.7.4/byte-buddy-agent-1.7.4.jar
7f4a3004e000-7f4a3008a000 r--s 0027f000 08:01 143436                     /home/novabase/.m2/repository/net/bytebuddy/byte-buddy/1.7.4/byte-buddy-1.7.4.jar
7f4a3008a000-7f4a30099000 r--s 00074000 08:01 143430                     /home/novabase/.m2/repository/org/mockito/mockito-core/2.10.0/mockito-core-2.10.0.jar
7f4a30099000-7f4a300a1000 r--s 00045000 08:01 1180811                    /home/novabase/.m2/repository/junit/junit/4.12/junit-4.12.jar
7f4a300a1000-7f4a300a5000 r--s 00020000 08:01 1063753                    /home/novabase/.m2/repository/org/apache/maven/surefire/surefire-api/2.17/surefire-api-2.17.jar
7f4a300a5000-7f4a300a7000 r--s 00008000 08:01 1063749                    /home/novabase/.m2/repository/org/apache/maven/surefire/surefire-booter/2.17/surefire-booter-2.17.jar
7f4a300a7000-7f4a300aa000 r--s 0000f000 08:01 930681                     /usr/lib/jvm/java-8-openjdk-amd64/jre/lib/ext/icedtea-sound.jar
7f4a300aa000-7f4a300af000 r--s 0003b000 08:01 930686                     /usr/lib/jvm/java-8-openjdk-amd64/jre/lib/ext/sunjce_provider.jar
7f4a300af000-7f4a300b9000 r--s 00116000 08:01 930683                     /usr/lib/jvm/java-8-openjdk-amd64/jre/lib/ext/localedata.jar
7f4a300b9000-7f4a300d4000 r--s 001d6000 08:01 930684                     /usr/lib/jvm/java-8-openjdk-amd64/jre/lib/ext/nashorn.jar
7f4a300d4000-7f4a300ef000 r--s 00394000 08:01 930679                     /usr/lib/jvm/java-8-openjdk-amd64/jre/lib/ext/cldrdata.jar
7f4a300ef000-7f4a31a35000 rw-p 00000000 00:00 0 
7f4a31a35000-7f4a31a36000 ---p 00000000 00:00 0 
7f4a31a36000-7f4a31b36000 rw-p 00000000 00:00 0 
7f4a31b36000-7f4a31b37000 ---p 00000000 00:00 0 
7f4a31b37000-7f4a31c47000 rw-p 00000000 00:00 0 
7f4a31c47000-7f4a31d32000 ---p 00000000 00:00 0 
7f4a31d32000-7f4a31d42000 rw-p 00000000 00:00 0 
7f4a31d42000-7f4a31e2c000 ---p 00000000 00:00 0 
7f4a31e2c000-7f4a31e3b000 rw-p 00000000 00:00 0 
7f4a31e3b000-7f4a31eaa000 ---p 00000000 00:00 0 
7f4a31eaa000-7f4a31ec0000 rw-p 00000000 00:00 0 
7f4a31ec0000-7f4a3226b000 ---p 00000000 00:00 0 
7f4a3226b000-7f4a32273000 r-xp 00000000 08:01 790198                     /usr/lib/jvm/java-8-openjdk-amd64/jre/lib/amd64/libzip.so
7f4a32273000-7f4a32472000 ---p 00008000 08:01 790198                     /usr/lib/jvm/java-8-openjdk-amd64/jre/lib/amd64/libzip.so
7f4a32472000-7f4a32473000 r--p 00007000 08:01 790198                     /usr/lib/jvm/java-8-openjdk-amd64/jre/lib/amd64/libzip.so
7f4a32473000-7f4a32474000 rw-p 00008000 08:01 790198                     /usr/lib/jvm/java-8-openjdk-amd64/jre/lib/amd64/libzip.so
7f4a32474000-7f4a3247f000 r-xp 00000000 08:01 917551                     /lib/x86_64-linux-gnu/libnss_files-2.24.so
7f4a3247f000-7f4a3267e000 ---p 0000b000 08:01 917551                     /lib/x86_64-linux-gnu/libnss_files-2.24.so
7f4a3267e000-7f4a3267f000 r--p 0000a000 08:01 917551                     /lib/x86_64-linux-gnu/libnss_files-2.24.so
7f4a3267f000-7f4a32680000 rw-p 0000b000 08:01 917551                     /lib/x86_64-linux-gnu/libnss_files-2.24.so
7f4a32680000-7f4a32686000 rw-p 00000000 00:00 0 
7f4a32686000-7f4a32691000 r-xp 00000000 08:01 917553                     /lib/x86_64-linux-gnu/libnss_nis-2.24.so
7f4a32691000-7f4a32890000 ---p 0000b000 08:01 917553                     /lib/x86_64-linux-gnu/libnss_nis-2.24.so
7f4a32890000-7f4a32891000 r--p 0000a000 08:01 917553                     /lib/x86_64-linux-gnu/libnss_nis-2.24.so
7f4a32891000-7f4a32892000 rw-p 0000b000 08:01 917553                     /lib/x86_64-linux-gnu/libnss_nis-2.24.so
7f4a32892000-7f4a328a8000 r-xp 00000000 08:01 917548                     /lib/x86_64-linux-gnu/libnsl-2.24.so
7f4a328a8000-7f4a32aa7000 ---p 00016000 08:01 917548                     /lib/x86_64-linux-gnu/libnsl-2.24.so
7f4a32aa7000-7f4a32aa8000 r--p 00015000 08:01 917548                     /lib/x86_64-linux-gnu/libnsl-2.24.so
7f4a32aa8000-7f4a32aa9000 rw-p 00016000 08:01 917548                     /lib/x86_64-linux-gnu/libnsl-2.24.so
7f4a32aa9000-7f4a32aab000 rw-p 00000000 00:00 0 
7f4a32aab000-7f4a32ab3000 r-xp 00000000 08:01 917549                     /lib/x86_64-linux-gnu/libnss_compat-2.24.so
7f4a32ab3000-7f4a32cb2000 ---p 00008000 08:01 917549                     /lib/x86_64-linux-gnu/libnss_compat-2.24.so
7f4a32cb2000-7f4a32cb3000 r--p 00007000 08:01 917549                     /lib/x86_64-linux-gnu/libnss_compat-2.24.so
7f4a32cb3000-7f4a32cb4000 rw-p 00008000 08:01 917549                     /lib/x86_64-linux-gnu/libnss_compat-2.24.so
7f4a32cb4000-7f4a32ce1000 r-xp 00000000 08:01 790179                     /usr/lib/jvm/java-8-openjdk-amd64/jre/lib/amd64/libjava.so
7f4a32ce1000-7f4a32ee0000 ---p 0002d000 08:01 790179                     /usr/lib/jvm/java-8-openjdk-amd64/jre/lib/amd64/libjava.so
7f4a32ee0000-7f4a32ee1000 r--p 0002c000 08:01 790179                     /usr/lib/jvm/java-8-openjdk-amd64/jre/lib/amd64/libjava.so
7f4a32ee1000-7f4a32ee3000 rw-p 0002d000 08:01 790179                     /usr/lib/jvm/java-8-openjdk-amd64/jre/lib/amd64/libjava.so
7f4a32ee3000-7f4a32ef2000 r-xp 00000000 08:01 790197                     /usr/lib/jvm/java-8-openjdk-amd64/jre/lib/amd64/libverify.so
7f4a32ef2000-7f4a330f2000 ---p 0000f000 08:01 790197                     /usr/lib/jvm/java-8-openjdk-amd64/jre/lib/amd64/libverify.so
7f4a330f2000-7f4a330f4000 r--p 0000f000 08:01 790197                     /usr/lib/jvm/java-8-openjdk-amd64/jre/lib/amd64/libverify.so
7f4a330f4000-7f4a330f5000 rw-p 00011000 08:01 790197                     /usr/lib/jvm/java-8-openjdk-amd64/jre/lib/amd64/libverify.so
7f4a330f5000-7f4a330fc000 r-xp 00000000 08:01 922898                     /lib/x86_64-linux-gnu/librt-2.24.so
7f4a330fc000-7f4a332fb000 ---p 00007000 08:01 922898                     /lib/x86_64-linux-gnu/librt-2.24.so
7f4a332fb000-7f4a332fc000 r--p 00006000 08:01 922898                     /lib/x86_64-linux-gnu/librt-2.24.so
7f4a332fc000-7f4a332fd000 rw-p 00007000 08:01 922898                     /lib/x86_64-linux-gnu/librt-2.24.so
7f4a332fd000-7f4a33313000 r-xp 00000000 08:01 923076                     /lib/x86_64-linux-gnu/libgcc_s.so.1
7f4a33313000-7f4a33512000 ---p 00016000 08:01 923076                     /lib/x86_64-linux-gnu/libgcc_s.so.1
7f4a33512000-7f4a33513000 r--p 00015000 08:01 923076                     /lib/x86_64-linux-gnu/libgcc_s.so.1
7f4a33513000-7f4a33514000 rw-p 00016000 08:01 923076                     /lib/x86_64-linux-gnu/libgcc_s.so.1
7f4a33514000-7f4a3361c000 r-xp 00000000 08:01 917545                     /lib/x86_64-linux-gnu/libm-2.24.so
7f4a3361c000-7f4a3381b000 ---p 00108000 08:01 917545                     /lib/x86_64-linux-gnu/libm-2.24.so
7f4a3381b000-7f4a3381c000 r--p 00107000 08:01 917545                     /lib/x86_64-linux-gnu/libm-2.24.so
7f4a3381c000-7f4a3381d000 rw-p 00108000 08:01 917545                     /lib/x86_64-linux-gnu/libm-2.24.so
7f4a3381d000-7f4a33996000 r-xp 00000000 08:01 1186287                    /usr/lib/x86_64-linux-gnu/libstdc++.so.6.0.22
7f4a33996000-7f4a33b95000 ---p 00179000 08:01 1186287                    /usr/lib/x86_64-linux-gnu/libstdc++.so.6.0.22
7f4a33b95000-7f4a33b9f000 r--p 00178000 08:01 1186287                    /usr/lib/x86_64-linux-gnu/libstdc++.so.6.0.22
7f4a33b9f000-7f4a33ba1000 rw-p 00182000 08:01 1186287                    /usr/lib/x86_64-linux-gnu/libstdc++.so.6.0.22
7f4a33ba1000-7f4a33ba5000 rw-p 00000000 00:00 0 
7f4a33ba5000-7f4a347ff000 r-xp 00000000 08:01 790201                     /usr/lib/jvm/java-8-openjdk-amd64/jre/lib/amd64/server/libjvm.so
7f4a347ff000-7f4a349fe000 ---p 00c5a000 08:01 790201                     /usr/lib/jvm/java-8-openjdk-amd64/jre/lib/amd64/server/libjvm.so
7f4a349fe000-7f4a34a91000 r--p 00c59000 08:01 790201                     /usr/lib/jvm/java-8-openjdk-amd64/jre/lib/amd64/server/libjvm.so
7f4a34a91000-7f4a34aba000 rw-p 00cec000 08:01 790201                     /usr/lib/jvm/java-8-openjdk-amd64/jre/lib/amd64/server/libjvm.so
7f4a34aba000-7f4a34aea000 rw-p 00000000 00:00 0 
7f4a34aea000-7f4a34b02000 r-xp 00000000 08:01 922554                     /lib/x86_64-linux-gnu/libpthread-2.24.so
7f4a34b02000-7f4a34d02000 ---p 00018000 08:01 922554                     /lib/x86_64-linux-gnu/libpthread-2.24.so
7f4a34d02000-7f4a34d03000 r--p 00018000 08:01 922554                     /lib/x86_64-linux-gnu/libpthread-2.24.so
7f4a34d03000-7f4a34d04000 rw-p 00019000 08:01 922554                     /lib/x86_64-linux-gnu/libpthread-2.24.so
7f4a34d04000-7f4a34d08000 rw-p 00000000 00:00 0 
7f4a34d08000-7f4a34d0b000 r-xp 00000000 08:01 917544                     /lib/x86_64-linux-gnu/libdl-2.24.so
7f4a34d0b000-7f4a34f0a000 ---p 00003000 08:01 917544                     /lib/x86_64-linux-gnu/libdl-2.24.so
7f4a34f0a000-7f4a34f0b000 r--p 00002000 08:01 917544                     /lib/x86_64-linux-gnu/libdl-2.24.so
7f4a34f0b000-7f4a34f0c000 rw-p 00003000 08:01 917544                     /lib/x86_64-linux-gnu/libdl-2.24.so
7f4a34f0c000-7f4a34f27000 r-xp 00000000 08:01 923213                     /lib/x86_64-linux-gnu/libz.so.1.2.11
7f4a34f27000-7f4a35126000 ---p 0001b000 08:01 923213                     /lib/x86_64-linux-gnu/libz.so.1.2.11
7f4a35126000-7f4a35127000 r--p 0001a000 08:01 923213                     /lib/x86_64-linux-gnu/libz.so.1.2.11
7f4a35127000-7f4a35128000 rw-p 0001b000 08:01 923213                     /lib/x86_64-linux-gnu/libz.so.1.2.11
7f4a35128000-7f4a352e6000 r-xp 00000000 08:01 917541                     /lib/x86_64-linux-gnu/libc-2.24.so
7f4a352e6000-7f4a354e5000 ---p 001be000 08:01 917541                     /lib/x86_64-linux-gnu/libc-2.24.so
7f4a354e5000-7f4a354e9000 r--p 001bd000 08:01 917541                     /lib/x86_64-linux-gnu/libc-2.24.so
7f4a354e9000-7f4a354eb000 rw-p 001c1000 08:01 917541                     /lib/x86_64-linux-gnu/libc-2.24.so
7f4a354eb000-7f4a354ef000 rw-p 00000000 00:00 0 
7f4a354ef000-7f4a354fc000 r-xp 00000000 08:01 790165                     /usr/lib/jvm/java-8-openjdk-amd64/jre/lib/amd64/jli/libjli.so
7f4a354fc000-7f4a356fc000 ---p 0000d000 08:01 790165                     /usr/lib/jvm/java-8-openjdk-amd64/jre/lib/amd64/jli/libjli.so
7f4a356fc000-7f4a356fd000 r--p 0000d000 08:01 790165                     /usr/lib/jvm/java-8-openjdk-amd64/jre/lib/amd64/jli/libjli.so
7f4a356fd000-7f4a356fe000 rw-p 0000e000 08:01 790165                     /usr/lib/jvm/java-8-openjdk-amd64/jre/lib/amd64/jli/libjli.so
7f4a356fe000-7f4a35724000 r-xp 00000000 08:01 917518                     /lib/x86_64-linux-gnu/ld-2.24.so
7f4a35724000-7f4a35726000 r--s 00007000 08:01 1319769                    /usr/share/java/java-atk-wrapper.jar
7f4a35726000-7f4a35728000 r--s 00001000 08:01 930680                     /usr/lib/jvm/java-8-openjdk-amd64/jre/lib/ext/dnsns.jar
7f4a35728000-7f4a35808000 rw-p 00000000 00:00 0 
7f4a35808000-7f4a3580b000 ---p 00000000 00:00 0 
7f4a3580b000-7f4a3590d000 rw-p 00000000 00:00 0 
7f4a3590d000-7f4a3590e000 r--s 00001000 08:01 297523                     /home/novabase/java-bank/target/surefire/surefirebooter715173018016237721.jar
7f4a3590e000-7f4a3590f000 r--s 00010000 08:01 930688                     /usr/lib/jvm/java-8-openjdk-amd64/jre/lib/ext/zipfs.jar
7f4a3590f000-7f4a35913000 r--s 00037000 08:01 930687                     /usr/lib/jvm/java-8-openjdk-amd64/jre/lib/ext/sunpkcs11.jar
7f4a35913000-7f4a35914000 r--s 0000a000 08:01 930682                     /usr/lib/jvm/java-8-openjdk-amd64/jre/lib/ext/jaccess.jar
7f4a35914000-7f4a35916000 r--s 00008000 08:01 930685                     /usr/lib/jvm/java-8-openjdk-amd64/jre/lib/ext/sunec.jar
7f4a35916000-7f4a3591e000 rw-s 00000000 08:01 1312545                    /tmp/hsperfdata_novabase/28167
7f4a3591e000-7f4a3591f000 rw-p 00000000 00:00 0 
7f4a3591f000-7f4a35920000 ---p 00000000 00:00 0 
7f4a35920000-7f4a35923000 rw-p 00000000 00:00 0 
7f4a35923000-7f4a35924000 r--p 00025000 08:01 917518                     /lib/x86_64-linux-gnu/ld-2.24.so
7f4a35924000-7f4a35925000 rw-p 00026000 08:01 917518                     /lib/x86_64-linux-gnu/ld-2.24.so
7f4a35925000-7f4a35926000 rw-p 00000000 00:00 0 
7fffd9f43000-7fffd9f64000 rw-p 00000000 00:00 0                          [stack]
7fffd9fee000-7fffd9ff0000 r--p 00000000 00:00 0                          [vvar]
7fffd9ff0000-7fffd9ff2000 r-xp 00000000 00:00 0                          [vdso]
ffffffffff600000-ffffffffff601000 r-xp 00000000 00:00 0                  [vsyscall]

VM Arguments:
java_command: /home/novabase/java-bank/target/surefire/surefirebooter715173018016237721.jar /home/novabase/java-bank/target/surefire/surefire7763671848852920703tmp /home/novabase/java-bank/target/surefire/surefire_05620136326801306135tmp
java_class_path (initial): /home/novabase/java-bank/target/surefire/surefirebooter715173018016237721.jar
Launcher Type: SUN_STANDARD

Environment Variables:
JAVA_HOME=/usr/lib/jvm/java-8-openjdk-amd64
PATH=/home/novabase/.local/share/umake/bin:/home/novabase/.local/share/umake/bin:/usr/local/sbin:/usr/local/bin:/usr/sbin:/usr/bin:/sbin:/bin:/usr/games:/usr/local/games:/snap/bin:/snap/bin
LD_LIBRARY_PATH=/home/novabase/.local/share/umake/ide/idea-ultimate/bin:
SHELL=/bin/bash
DISPLAY=:0.0

Signal Handlers:
SIGSEGV: [libjvm.so+0xa70490], sa_mask[0]=11111111011111111101111111111110, sa_flags=SA_RESTART|SA_SIGINFO
SIGBUS: [libjvm.so+0xa70490], sa_mask[0]=11111111011111111101111111111110, sa_flags=SA_RESTART|SA_SIGINFO
SIGFPE: [libjvm.so+0x8b9fc0], sa_mask[0]=11111111011111111101111111111110, sa_flags=SA_RESTART|SA_SIGINFO
SIGPIPE: [libjvm.so+0x8b9fc0], sa_mask[0]=11111111011111111101111111111110, sa_flags=SA_RESTART|SA_SIGINFO
SIGXFSZ: [libjvm.so+0x8b9fc0], sa_mask[0]=11111111011111111101111111111110, sa_flags=SA_RESTART|SA_SIGINFO
SIGILL: [libjvm.so+0x8b9fc0], sa_mask[0]=11111111011111111101111111111110, sa_flags=SA_RESTART|SA_SIGINFO
SIGUSR1: SIG_DFL, sa_mask[0]=00000000000000000000000000000000, sa_flags=none
SIGUSR2: [libjvm.so+0x8b9e70], sa_mask[0]=00100000000000000000000000000000, sa_flags=SA_RESTART|SA_SIGINFO
SIGHUP: [libjvm.so+0x8ba320], sa_mask[0]=11111111011111111101111111111110, sa_flags=SA_RESTART|SA_SIGINFO
SIGINT: [libjvm.so+0x8ba320], sa_mask[0]=11111111011111111101111111111110, sa_flags=SA_RESTART|SA_SIGINFO
SIGTERM: [libjvm.so+0x8ba320], sa_mask[0]=11111111011111111101111111111110, sa_flags=SA_RESTART|SA_SIGINFO
SIGQUIT: [libjvm.so+0x8ba320], sa_mask[0]=11111111011111111101111111111110, sa_flags=SA_RESTART|SA_SIGINFO


---------------  S Y S T E M  ---------------

OS:DISTRIB_ID=Ubuntu
DISTRIB_RELEASE=17.04
DISTRIB_CODENAME=zesty
DISTRIB_DESCRIPTION="Ubuntu 17.04"

uname:Linux 4.10.0-33-generic #37-Ubuntu SMP Fri Aug 11 10:55:28 UTC 2017 x86_64
libc:glibc 2.24 NPTL 2.24 
rlimit: STACK 8192k, CORE 0k, NPROC 11844, NOFILE 1048576, AS infinity
load average:1,02 0,64 0,36

/proc/meminfo:
MemTotal:        3077980 kB
MemFree:           61544 kB
MemAvailable:          0 kB
Buffers:             300 kB
Cached:            55600 kB
SwapCached:        12252 kB
Active:          2318280 kB
Inactive:         583088 kB
Active(anon):    2315100 kB
Inactive(anon):   578828 kB
Active(file):       3180 kB
Inactive(file):     4260 kB
Unevictable:          32 kB
Mlocked:              32 kB
SwapTotal:       1214880 kB
SwapFree:              0 kB
Dirty:                 0 kB
Writeback:            28 kB
AnonPages:       2834532 kB
Mapped:            51816 kB
Shmem:             48276 kB
Slab:              47132 kB
SReclaimable:      22100 kB
SUnreclaim:        25032 kB
KernelStack:        7472 kB
PageTables:        31016 kB
NFS_Unstable:          0 kB
Bounce:                0 kB
WritebackTmp:          0 kB
CommitLimit:     2753868 kB
Committed_AS:    5282984 kB
VmallocTotal:   34359738367 kB
VmallocUsed:           0 kB
VmallocChunk:          0 kB
HardwareCorrupted:     0 kB
AnonHugePages:   1859584 kB
ShmemHugePages:        0 kB
ShmemPmdMapped:        0 kB
CmaTotal:              0 kB
CmaFree:               0 kB
HugePages_Total:       0
HugePages_Free:        0
HugePages_Rsvd:        0
HugePages_Surp:        0
Hugepagesize:       2048 kB
DirectMap4k:      157632 kB
DirectMap2M:     2988032 kB


CPU:total 2 (initial active 2) (2 cores per cpu, 1 threads per core) family 6 model 61 stepping 4, cmov, cx8, fxsr, mmx, sse, sse2, sse3, ssse3, sse4.1, sse4.2, popcnt, avx, aes, clmul, 3dnowpref, lzcnt, tsc, tscinvbit

/proc/cpuinfo:
processor	: 0
vendor_id	: GenuineIntel
cpu family	: 6
model		: 61
model name	: Intel(R) Core(TM) i5-5200U CPU @ 2.20GHz
stepping	: 4
cpu MHz		: 2194.922
cache size	: 3072 KB
physical id	: 0
siblings	: 2
core id		: 0
cpu cores	: 2
apicid		: 0
initial apicid	: 0
fpu		: yes
fpu_exception	: yes
cpuid level	: 20
wp		: yes
flags		: fpu vme de pse tsc msr pae mce cx8 apic sep mtrr pge mca cmov pat pse36 clflush mmx fxsr sse sse2 ht syscall nx rdtscp lm constant_tsc rep_good nopl xtopology nonstop_tsc pni pclmulqdq ssse3 cx16 sse4_1 sse4_2 x2apic movbe popcnt aes xsave avx rdrand hypervisor lahf_lm abm 3dnowprefetch rdseed
bugs		:
bogomips	: 4389.84
clflush size	: 64
cache_alignment	: 64
address sizes	: 39 bits physical, 48 bits virtual
power management:

processor	: 1
vendor_id	: GenuineIntel
cpu family	: 6
model		: 61
model name	: Intel(R) Core(TM) i5-5200U CPU @ 2.20GHz
stepping	: 4
cpu MHz		: 2194.922
cache size	: 3072 KB
physical id	: 0
siblings	: 2
core id		: 1
cpu cores	: 2
apicid		: 1
initial apicid	: 1
fpu		: yes
fpu_exception	: yes
cpuid level	: 20
wp		: yes
flags		: fpu vme de pse tsc msr pae mce cx8 apic sep mtrr pge mca cmov pat pse36 clflush mmx fxsr sse sse2 ht syscall nx rdtscp lm constant_tsc rep_good nopl xtopology nonstop_tsc pni pclmulqdq ssse3 cx16 sse4_1 sse4_2 x2apic movbe popcnt aes xsave avx rdrand hypervisor lahf_lm abm 3dnowprefetch rdseed
bugs		:
bogomips	: 4389.84
clflush size	: 64
cache_alignment	: 64
address sizes	: 39 bits physical, 48 bits virtual
power management:



Memory: 4k page, physical 3077980k(61544k free), swap 1214880k(0k free)

vm_info: OpenJDK 64-Bit Server VM (25.131-b11) for linux-amd64 JRE (1.8.0_131-8u131-b11-2ubuntu1.17.04.3-b11), built on Jul 27 2017 21:26:44 by "buildd" with gcc 6.3.0 20170406

time: Tue Oct 24 17:13:30 2017
elapsed time: 4 seconds (0d 0h 0m 4s)

